[Running] node "/home/sihammohamud/fst/javascript/loops/for.js"
waanku jeclahay siham
waanku jeclahay siham
waanku jeclahay siham
waanku jeclahay siham
waanku jeclahay siham
waanku jeclahay siham
waanku jeclahay siham
waanku jeclahay siham
waanku jeclahay siham
waanku jeclahay siham
waanku jeclahay siham

[Done] exited with code=0 in 0.229 seconds

[Running] node "/home/sihammohamud/fst/javascript/loops/for.js"
waanku jeclahay siham
waanku jeclahay siham
waanku jeclahay siham
waanku jeclahay siham
waanku jeclahay siham
waanku jeclahay siham
waanku jeclahay siham
waanku jeclahay siham
waanku jeclahay siham
waanku jeclahay siham

[Done] exited with code=0 in 0.088 seconds

[Running] node "/home/sihammohamud/fst/javascript/loops/for.js"
waanku jeclahay siham
waanku jeclahay siham
waanku jeclahay siham
waanku jeclahay siham
waanku jeclahay siham
waanku jeclahay siham
waanku jeclahay siham
waanku jeclahay siham
waanku jeclahay siham
waanku jeclahay siham

[Done] exited with code=0 in 0.084 seconds

[Running] node "/home/sihammohamud/fst/javascript/loops/for.js"
waanku jeclahay siham

waanku jeclahay siham

waanku jeclahay siham

waanku jeclahay siham

waanku jeclahay siham

waanku jeclahay siham

waanku jeclahay siham

waanku jeclahay siham

waanku jeclahay siham

waanku jeclahay siham


[Done] exited with code=0 in 0.087 seconds

[Running] node "/home/sihammohamud/fst/javascript/loops/for.js"
waanku jeclahay siham

waanku jeclahay siham

waanku jeclahay siham

waanku jeclahay siham

waanku jeclahay siham

waanku jeclahay siham

waanku jeclahay siham

waanku jeclahay siham

waanku jeclahay siham

waanku jeclahay siham


[Done] exited with code=0 in 0.088 seconds

[Running] node "/home/sihammohamud/fst/javascript/loops/for.js"
waanku jeclahay siham

waanku jeclahay siham

waanku jeclahay siham

waanku jeclahay siham

waanku jeclahay siham

waanku jeclahay siham

waanku jeclahay siham

waanku jeclahay siham

waanku jeclahay siham

waanku jeclahay siham


[Done] exited with code=0 in 0.084 seconds

[Running] node "/home/sihammohamud/fst/javascript/loops/for.js"
waanku jeclahay siham

waanku jeclahay siham

waanku jeclahay siham

waanku jeclahay siham

waanku jeclahay siham

waanku jeclahay siham

waanku jeclahay siham

waanku jeclahay siham

waanku jeclahay siham

waanku jeclahay siham

waanku jeclahay siham

waanku jeclahay siham

waanku jeclahay siham

waanku jeclahay siham

waanku jeclahay siham

waanku jeclahay siham

waanku jeclahay siham

waanku jeclahay siham

waanku jeclahay siham

waanku jeclahay siham

waanku jeclahay siham

waanku jeclahay siham

waanku jeclahay siham

waanku jeclahay siham

waanku jeclahay siham

waanku jeclahay siham

waanku jeclahay siham

waanku jeclahay siham

waanku jeclahay siham

waanku jeclahay siham

waanku jeclahay siham

waanku jeclahay siham

waanku jeclahay siham

waanku jeclahay siham

waanku jeclahay siham

waanku jeclahay siham

waanku jeclahay siham

waanku jeclahay siham

waanku jeclahay siham

waanku jeclahay siham

waanku jeclahay siham

waanku jeclahay siham

waanku jeclahay siham

waanku jeclahay siham

waanku jeclahay siham

waanku jeclahay siham

waanku jeclahay siham

waanku jeclahay siham

waanku jeclahay siham

waanku jeclahay siham

waanku jeclahay siham

waanku jeclahay siham

waanku jeclahay siham

waanku jeclahay siham

waanku jeclahay siham

waanku jeclahay siham

waanku jeclahay siham

waanku jeclahay siham

waanku jeclahay siham

waanku jeclahay siham


[Done] exited with code=0 in 0.091 seconds

[Running] node "/home/sihammohamud/fst/javascript/loops/for.js"
waanku jeclahay siham

waanku jeclahay siham

waanku jeclahay siham

waanku jeclahay siham

waanku jeclahay siham

waanku jeclahay siham

waanku jeclahay siham

waanku jeclahay siham

waanku jeclahay siham

waanku jeclahay siham

waanku jeclahay siham

waanku jeclahay siham

waanku jeclahay siham

waanku jeclahay siham

waanku jeclahay siham

waanku jeclahay siham

waanku jeclahay siham

waanku jeclahay siham

waanku jeclahay siham

waanku jeclahay siham

waanku jeclahay siham

waanku jeclahay siham

waanku jeclahay siham

waanku jeclahay siham

waanku jeclahay siham

waanku jeclahay siham

waanku jeclahay siham

waanku jeclahay siham

waanku jeclahay siham

waanku jeclahay siham

waanku jeclahay siham

waanku jeclahay siham

waanku jeclahay siham

waanku jeclahay siham

waanku jeclahay siham

waanku jeclahay siham

waanku jeclahay siham

waanku jeclahay siham

waanku jeclahay siham

waanku jeclahay siham

waanku jeclahay siham

waanku jeclahay siham

waanku jeclahay siham

waanku jeclahay siham

waanku jeclahay siham

waanku jeclahay siham

waanku jeclahay siham

waanku jeclahay siham

waanku jeclahay siham

waanku jeclahay siham

waanku jeclahay siham

waanku jeclahay siham

waanku jeclahay siham

waanku jeclahay siham

waanku jeclahay siham

waanku jeclahay siham

waanku jeclahay siham

waanku jeclahay siham

waanku jeclahay siham

waanku jeclahay siham


[Done] exited with code=0 in 0.077 seconds

[Running] node "/home/sihammohamud/fst/javascript/loops/for.js"
waanku jeclahay siham
waanku jeclahay siham
waanku jeclahay siham
waanku jeclahay siham
waanku jeclahay siham
waanku jeclahay siham

waanku jeclahay siham
waanku jeclahay siham
waanku jeclahay siham
waanku jeclahay siham
waanku jeclahay siham
waanku jeclahay siham

waanku jeclahay siham
waanku jeclahay siham
waanku jeclahay siham
waanku jeclahay siham
waanku jeclahay siham
waanku jeclahay siham

waanku jeclahay siham
waanku jeclahay siham
waanku jeclahay siham
waanku jeclahay siham
waanku jeclahay siham
waanku jeclahay siham

waanku jeclahay siham
waanku jeclahay siham
waanku jeclahay siham
waanku jeclahay siham
waanku jeclahay siham
waanku jeclahay siham

waanku jeclahay siham
waanku jeclahay siham
waanku jeclahay siham
waanku jeclahay siham
waanku jeclahay siham
waanku jeclahay siham

waanku jeclahay siham
waanku jeclahay siham
waanku jeclahay siham
waanku jeclahay siham
waanku jeclahay siham
waanku jeclahay siham

waanku jeclahay siham
waanku jeclahay siham
waanku jeclahay siham
waanku jeclahay siham
waanku jeclahay siham
waanku jeclahay siham

waanku jeclahay siham
waanku jeclahay siham
waanku jeclahay siham
waanku jeclahay siham
waanku jeclahay siham
waanku jeclahay siham

waanku jeclahay siham
waanku jeclahay siham
waanku jeclahay siham
waanku jeclahay siham
waanku jeclahay siham
waanku jeclahay siham


[Done] exited with code=0 in 0.084 seconds

[Running] node "/home/sihammohamud/fst/javascript/loops/for.js"
waanku jeclahay siham
waanku jeclahay siham
waanku jeclahay siham
waanku jeclahay siham
waanku jeclahay siham
waanku jeclahay siham 

waanku jeclahay siham
waanku jeclahay siham
waanku jeclahay siham
waanku jeclahay siham
waanku jeclahay siham
waanku jeclahay siham 

waanku jeclahay siham
waanku jeclahay siham
waanku jeclahay siham
waanku jeclahay siham
waanku jeclahay siham
waanku jeclahay siham 

waanku jeclahay siham
waanku jeclahay siham
waanku jeclahay siham
waanku jeclahay siham
waanku jeclahay siham
waanku jeclahay siham 

waanku jeclahay siham
waanku jeclahay siham
waanku jeclahay siham
waanku jeclahay siham
waanku jeclahay siham
waanku jeclahay siham 

waanku jeclahay siham
waanku jeclahay siham
waanku jeclahay siham
waanku jeclahay siham
waanku jeclahay siham
waanku jeclahay siham 

waanku jeclahay siham
waanku jeclahay siham
waanku jeclahay siham
waanku jeclahay siham
waanku jeclahay siham
waanku jeclahay siham 

waanku jeclahay siham
waanku jeclahay siham
waanku jeclahay siham
waanku jeclahay siham
waanku jeclahay siham
waanku jeclahay siham 

waanku jeclahay siham
waanku jeclahay siham
waanku jeclahay siham
waanku jeclahay siham
waanku jeclahay siham
waanku jeclahay siham 

waanku jeclahay siham
waanku jeclahay siham
waanku jeclahay siham
waanku jeclahay siham
waanku jeclahay siham
waanku jeclahay siham 


[Done] exited with code=0 in 0.088 seconds

[Running] node "/home/sihammohamud/fst/javascript/loops/for.js"
waanku jeclahay siham
waanku jeclahay siham
waanku jeclahay siham
waanku jeclahay siham
waanku jeclahay siham
waanku jeclahay siham   

waanku jeclahay siham
waanku jeclahay siham
waanku jeclahay siham
waanku jeclahay siham
waanku jeclahay siham
waanku jeclahay siham   

waanku jeclahay siham
waanku jeclahay siham
waanku jeclahay siham
waanku jeclahay siham
waanku jeclahay siham
waanku jeclahay siham   

waanku jeclahay siham
waanku jeclahay siham
waanku jeclahay siham
waanku jeclahay siham
waanku jeclahay siham
waanku jeclahay siham   

waanku jeclahay siham
waanku jeclahay siham
waanku jeclahay siham
waanku jeclahay siham
waanku jeclahay siham
waanku jeclahay siham   

waanku jeclahay siham
waanku jeclahay siham
waanku jeclahay siham
waanku jeclahay siham
waanku jeclahay siham
waanku jeclahay siham   

waanku jeclahay siham
waanku jeclahay siham
waanku jeclahay siham
waanku jeclahay siham
waanku jeclahay siham
waanku jeclahay siham   

waanku jeclahay siham
waanku jeclahay siham
waanku jeclahay siham
waanku jeclahay siham
waanku jeclahay siham
waanku jeclahay siham   

waanku jeclahay siham
waanku jeclahay siham
waanku jeclahay siham
waanku jeclahay siham
waanku jeclahay siham
waanku jeclahay siham   

waanku jeclahay siham
waanku jeclahay siham
waanku jeclahay siham
waanku jeclahay siham
waanku jeclahay siham
waanku jeclahay siham   


[Done] exited with code=0 in 0.083 seconds

[Running] node "/home/sihammohamud/fst/javascript/loops/for.js"
waanku jeclahay siham
waanku jeclahay siham
waanku jeclahay siham
waanku jeclahay siham
waanku jeclahay siham
waanku jeclahay siham

waanku jeclahay siham
waanku jeclahay siham
waanku jeclahay siham
waanku jeclahay siham
waanku jeclahay siham
waanku jeclahay siham

waanku jeclahay siham
waanku jeclahay siham
waanku jeclahay siham
waanku jeclahay siham
waanku jeclahay siham
waanku jeclahay siham

waanku jeclahay siham
waanku jeclahay siham
waanku jeclahay siham
waanku jeclahay siham
waanku jeclahay siham
waanku jeclahay siham

waanku jeclahay siham
waanku jeclahay siham
waanku jeclahay siham
waanku jeclahay siham
waanku jeclahay siham
waanku jeclahay siham

waanku jeclahay siham
waanku jeclahay siham
waanku jeclahay siham
waanku jeclahay siham
waanku jeclahay siham
waanku jeclahay siham

waanku jeclahay siham
waanku jeclahay siham
waanku jeclahay siham
waanku jeclahay siham
waanku jeclahay siham
waanku jeclahay siham

waanku jeclahay siham
waanku jeclahay siham
waanku jeclahay siham
waanku jeclahay siham
waanku jeclahay siham
waanku jeclahay siham

waanku jeclahay siham
waanku jeclahay siham
waanku jeclahay siham
waanku jeclahay siham
waanku jeclahay siham
waanku jeclahay siham

waanku jeclahay siham
waanku jeclahay siham
waanku jeclahay siham
waanku jeclahay siham
waanku jeclahay siham
waanku jeclahay siham


[Done] exited with code=0 in 0.084 seconds

[Running] node "/home/sihammohamud/fst/javascript/loops/for.js"
..........beginning..........
waanku jeclahay siham
waanku jeclahay siham
waanku jeclahay siham
waanku jeclahay siham
..........ending............

..........beginning..........
waanku jeclahay siham
waanku jeclahay siham
waanku jeclahay siham
waanku jeclahay siham
..........ending............

..........beginning..........
waanku jeclahay siham
waanku jeclahay siham
waanku jeclahay siham
waanku jeclahay siham
..........ending............

..........beginning..........
waanku jeclahay siham
waanku jeclahay siham
waanku jeclahay siham
waanku jeclahay siham
..........ending............

..........beginning..........
waanku jeclahay siham
waanku jeclahay siham
waanku jeclahay siham
waanku jeclahay siham
..........ending............

..........beginning..........
waanku jeclahay siham
waanku jeclahay siham
waanku jeclahay siham
waanku jeclahay siham
..........ending............

..........beginning..........
waanku jeclahay siham
waanku jeclahay siham
waanku jeclahay siham
waanku jeclahay siham
..........ending............

..........beginning..........
waanku jeclahay siham
waanku jeclahay siham
waanku jeclahay siham
waanku jeclahay siham
..........ending............

..........beginning..........
waanku jeclahay siham
waanku jeclahay siham
waanku jeclahay siham
waanku jeclahay siham
..........ending............

..........beginning..........
waanku jeclahay siham
waanku jeclahay siham
waanku jeclahay siham
waanku jeclahay siham
..........ending............


[Done] exited with code=0 in 0.091 seconds

[Running] node "/home/sihammohamud/fst/javascript/loops/for.js"
1
..........beginning..........
waanku jeclahay siham
waanku jeclahay siham
waanku jeclahay siham
waanku jeclahay siham
..........ending............

2
..........beginning..........
waanku jeclahay siham
waanku jeclahay siham
waanku jeclahay siham
waanku jeclahay siham
..........ending............

3
..........beginning..........
waanku jeclahay siham
waanku jeclahay siham
waanku jeclahay siham
waanku jeclahay siham
..........ending............

4
..........beginning..........
waanku jeclahay siham
waanku jeclahay siham
waanku jeclahay siham
waanku jeclahay siham
..........ending............

5
..........beginning..........
waanku jeclahay siham
waanku jeclahay siham
waanku jeclahay siham
waanku jeclahay siham
..........ending............

6
..........beginning..........
waanku jeclahay siham
waanku jeclahay siham
waanku jeclahay siham
waanku jeclahay siham
..........ending............

7
..........beginning..........
waanku jeclahay siham
waanku jeclahay siham
waanku jeclahay siham
waanku jeclahay siham
..........ending............

8
..........beginning..........
waanku jeclahay siham
waanku jeclahay siham
waanku jeclahay siham
waanku jeclahay siham
..........ending............

9
..........beginning..........
waanku jeclahay siham
waanku jeclahay siham
waanku jeclahay siham
waanku jeclahay siham
..........ending............

10
..........beginning..........
waanku jeclahay siham
waanku jeclahay siham
waanku jeclahay siham
waanku jeclahay siham
..........ending............


[Done] exited with code=0 in 0.224 seconds

[Running] node "/home/sihammohamud/fst/javascript/loops/for.js"
5
..........beginning..........
waanku jeclahay siham
waanku jeclahay siham
waanku jeclahay siham
waanku jeclahay siham
..........ending............

6
..........beginning..........
waanku jeclahay siham
waanku jeclahay siham
waanku jeclahay siham
waanku jeclahay siham
..........ending............

7
..........beginning..........
waanku jeclahay siham
waanku jeclahay siham
waanku jeclahay siham
waanku jeclahay siham
..........ending............

8
..........beginning..........
waanku jeclahay siham
waanku jeclahay siham
waanku jeclahay siham
waanku jeclahay siham
..........ending............

9
..........beginning..........
waanku jeclahay siham
waanku jeclahay siham
waanku jeclahay siham
waanku jeclahay siham
..........ending............

10
..........beginning..........
waanku jeclahay siham
waanku jeclahay siham
waanku jeclahay siham
waanku jeclahay siham
..........ending............


[Done] exited with code=0 in 0.095 seconds

[Running] node "/home/sihammohamud/fst/javascript/loops/for.js"
10
..........beginning..........
waanku jeclahay siham
waanku jeclahay siham
waanku jeclahay siham
waanku jeclahay siham
..........ending............


[Done] exited with code=0 in 0.08 seconds

[Running] node "/home/sihammohamud/fst/javascript/loops/for.js"
0
..........beginning..........
waanku jeclahay siham
waanku jeclahay siham
waanku jeclahay siham
waanku jeclahay siham
..........ending............

1
..........beginning..........
waanku jeclahay siham
waanku jeclahay siham
waanku jeclahay siham
waanku jeclahay siham
..........ending............

2
..........beginning..........
waanku jeclahay siham
waanku jeclahay siham
waanku jeclahay siham
waanku jeclahay siham
..........ending............

3
..........beginning..........
waanku jeclahay siham
waanku jeclahay siham
waanku jeclahay siham
waanku jeclahay siham
..........ending............

4
..........beginning..........
waanku jeclahay siham
waanku jeclahay siham
waanku jeclahay siham
waanku jeclahay siham
..........ending............

5
..........beginning..........
waanku jeclahay siham
waanku jeclahay siham
waanku jeclahay siham
waanku jeclahay siham
..........ending............

6
..........beginning..........
waanku jeclahay siham
waanku jeclahay siham
waanku jeclahay siham
waanku jeclahay siham
..........ending............

7
..........beginning..........
waanku jeclahay siham
waanku jeclahay siham
waanku jeclahay siham
waanku jeclahay siham
..........ending............

8
..........beginning..........
waanku jeclahay siham
waanku jeclahay siham
waanku jeclahay siham
waanku jeclahay siham
..........ending............

9
..........beginning..........
waanku jeclahay siham
waanku jeclahay siham
waanku jeclahay siham
waanku jeclahay siham
..........ending............

10
..........beginning..........
waanku jeclahay siham
waanku jeclahay siham
waanku jeclahay siham
waanku jeclahay siham
..........ending............


[Done] exited with code=0 in 0.079 seconds

[Running] node "/home/sihammohamud/fst/javascript/loops/tempCodeRunnerFile.js"
/home/sihammohamud/fst/javascript/loops/tempCodeRunnerFile.js:10



SyntaxError: Unexpected end of input
    at internalCompileFunction (node:internal/vm:73:18)
    at wrapSafe (node:internal/modules/cjs/loader:1274:20)
    at Module._compile (node:internal/modules/cjs/loader:1320:27)
    at Module._extensions..js (node:internal/modules/cjs/loader:1414:10)
    at Module.load (node:internal/modules/cjs/loader:1197:32)
    at Module._load (node:internal/modules/cjs/loader:1013:12)
    at Function.executeUserEntryPoint [as runMain] (node:internal/modules/run_main:128:12)
    at node:internal/main/run_main_module:28:49

Node.js v18.19.1

[Done] exited with code=1 in 0.094 seconds

[Running] node "/home/sihammohamud/fst/javascript/loops/for.js"
[ 'fikir', 'jaceyl', 'mustaqbal' ]
[ 'fikir', 'jaceyl', 'mustaqbal' ]

[Done] exited with code=0 in 0.09 seconds

[Running] node "/home/sihammohamud/fst/javascript/loops/for.js"
[ 'fikir', 'jaceyl', 'mustaqbal', 'warwar', 'walbahaar' ]
[ 'fikir', 'jaceyl', 'mustaqbal', 'warwar', 'walbahaar' ]
[ 'fikir', 'jaceyl', 'mustaqbal', 'warwar', 'walbahaar' ]
[ 'fikir', 'jaceyl', 'mustaqbal', 'warwar', 'walbahaar' ]
[ 'fikir', 'jaceyl', 'mustaqbal', 'warwar', 'walbahaar' ]
[ 'fikir', 'jaceyl', 'mustaqbal', 'warwar', 'walbahaar' ]
[ 'fikir', 'jaceyl', 'mustaqbal', 'warwar', 'walbahaar' ]
[ 'fikir', 'jaceyl', 'mustaqbal', 'warwar', 'walbahaar' ]
[ 'fikir', 'jaceyl', 'mustaqbal', 'warwar', 'walbahaar' ]
[ 'fikir', 'jaceyl', 'mustaqbal', 'warwar', 'walbahaar' ]
[ 'fikir', 'jaceyl', 'mustaqbal', 'warwar', 'walbahaar' ]

[Done] exited with code=0 in 0.084 seconds

[Running] node "/home/sihammohamud/fst/javascript/loops/for.js"
mustaqbal
mustaqbal
mustaqbal
mustaqbal
mustaqbal
mustaqbal
mustaqbal
mustaqbal
mustaqbal
mustaqbal
mustaqbal

[Done] exited with code=0 in 0.077 seconds

[Running] node "/home/sihammohamud/fst/javascript/loops/for.js"
undefined
undefined
undefined
undefined
undefined
undefined
undefined
undefined
undefined
undefined
undefined

[Done] exited with code=0 in 0.09 seconds

[Running] node "/home/sihammohamud/fst/javascript/loops/for.js"
undefined
undefined
undefined
undefined
undefined
undefined
undefined
undefined
undefined
undefined
undefined

[Done] exited with code=0 in 0.091 seconds

[Running] node "/home/sihammohamud/fst/javascript/loops/for.js"
walbahaar
walbahaar
walbahaar
walbahaar
walbahaar
walbahaar
walbahaar
walbahaar
walbahaar
walbahaar
walbahaar

[Done] exited with code=0 in 0.087 seconds

[Running] node "/home/sihammohamud/fst/javascript/loops/for.js"
walbahaar
walbahaar
walbahaar
walbahaar
walbahaar
walbahaar
walbahaar
walbahaar
walbahaar
walbahaar
walbahaar

[Done] exited with code=0 in 0.076 seconds

[Running] node "/home/sihammohamud/fst/javascript/loops/for.js"
mustaqbal
mustaqbal
mustaqbal
mustaqbal
mustaqbal
mustaqbal
mustaqbal
mustaqbal
mustaqbal
mustaqbal
mustaqbal

[Done] exited with code=0 in 0.085 seconds

[Running] node "/home/sihammohamud/fst/javascript/loops/for.js"
mustaqbal
mustaqbal
mustaqbal
mustaqbal
mustaqbal
mustaqbal
mustaqbal
mustaqbal
mustaqbal
mustaqbal
mustaqbal

[Done] exited with code=0 in 0.079 seconds

[Running] node "/home/sihammohamud/fst/javascript/loops/for.js"
warwar
warwar
warwar
warwar
warwar
warwar
warwar
warwar
warwar
warwar
warwar

[Done] exited with code=0 in 0.084 seconds

[Running] node "/home/sihammohamud/fst/javascript/loops/for.js"
warwar
warwar
warwar
warwar
warwar
warwar
warwar
warwar
warwar
warwar
warwar

[Done] exited with code=0 in 0.084 seconds

[Running] node "/home/sihammohamud/fst/javascript/loops/for.js"
/home/sihammohamud/fst/javascript/loops/for.js:16
    if(index == 2){
    ^

ReferenceError: index is not defined
    at Object.<anonymous> (/home/sihammohamud/fst/javascript/loops/for.js:16:5)
    at Module._compile (node:internal/modules/cjs/loader:1356:14)
    at Module._extensions..js (node:internal/modules/cjs/loader:1414:10)
    at Module.load (node:internal/modules/cjs/loader:1197:32)
    at Module._load (node:internal/modules/cjs/loader:1013:12)
    at Function.executeUserEntryPoint [as runMain] (node:internal/modules/run_main:128:12)
    at node:internal/main/run_main_module:28:49

Node.js v18.19.1

[Done] exited with code=1 in 0.088 seconds

[Running] node "/home/sihammohamud/fst/javascript/loops/for.js"
[ 'fikir', 'jaceyl', 'mustaqbal', 'warwar', 'walbahaar' ]
[ 'fikir', 'jaceyl', 'mustaqbal', 'warwar', 'walbahaar' ]

[Done] exited with code=0 in 0.085 seconds

[Running] node "/home/sihammohamud/fst/javascript/loops/for.js"
[ 'fikir', 'jaceyl', 'mustaqbal', 'warwar', 'walbahaar' ]
[ 'fikir', 'jaceyl', 'mustaqbal', 'warwar', 'walbahaar' ]

[Done] exited with code=0 in 0.085 seconds

[Running] node "/home/sihammohamud/fst/javascript/loops/for.js"
fikir
jaceyl

[Done] exited with code=0 in 0.085 seconds

[Running] node "/home/sihammohamud/fst/javascript/loops/for.js"
fikir
jaceyl

[Done] exited with code=0 in 0.084 seconds

[Running] node "/home/sihammohamud/fst/javascript/loops/tempCodeRunnerFile.js"
/home/sihammohamud/fst/javascript/loops/tempCodeRunnerFile.js:1
break;
^^^^^

SyntaxError: Illegal break statement
    at internalCompileFunction (node:internal/vm:73:18)
    at wrapSafe (node:internal/modules/cjs/loader:1274:20)
    at Module._compile (node:internal/modules/cjs/loader:1320:27)
    at Module._extensions..js (node:internal/modules/cjs/loader:1414:10)
    at Module.load (node:internal/modules/cjs/loader:1197:32)
    at Module._load (node:internal/modules/cjs/loader:1013:12)
    at Function.executeUserEntryPoint [as runMain] (node:internal/modules/run_main:128:12)
    at node:internal/main/run_main_module:28:49

Node.js v18.19.1

[Done] exited with code=1 in 0.084 seconds

[Running] node "/home/sihammohamud/fst/javascript/loops/for.js"
fikir
jaceyl
warwar
walbahaar
undefined
undefined
undefined
undefined
undefined
undefined
undefined
undefined
undefined
undefined
undefined
undefined
undefined
undefined
undefined
undefined
undefined
undefined
undefined
undefined
undefined
undefined
undefined
undefined
undefined
undefined
undefined
undefined
undefined
undefined
undefined
undefined
undefined
undefined
undefined
undefined
undefined
undefined
undefined
undefined
undefined
undefined
undefined
undefined
undefined
undefined
undefined
undefined
undefined
undefined
undefined
undefined
undefined
undefined
undefined
undefined
undefined
undefined
undefined
undefined
undefined
undefined
undefined
undefined
undefined
undefined
undefined
undefined
undefined
undefined
undefined
undefined
undefined
undefined
undefined
undefined
undefined
undefined
undefined
undefined
undefined
undefined
undefined
undefined
undefined
undefined
undefined
undefined
undefined
undefined
undefined
undefined
undefined
undefined
undefined
undefined
undefined
undefined
undefined
undefined
undefined
undefined
undefined
undefined
undefined
undefined
undefined
undefined
undefined
undefined
undefined
undefined
undefined
undefined
undefined
undefined
undefined
undefined
undefined
undefined
undefined
undefined
undefined
undefined
undefined
undefined
undefined
undefined
undefined
undefined
undefined
undefined
undefined
undefined
undefined
undefined
undefined
undefined
undefined
undefined
undefined
undefined
undefined
undefined
undefined
undefined
undefined
undefined
undefined
undefined
undefined
undefined
undefined
undefined
undefined
undefined
undefined
undefined
undefined
undefined
undefined
undefined
undefined
undefined
undefined
undefined
undefined
undefined
undefined
undefined
undefined
undefined
undefined
undefined
undefined
undefined
undefined
undefined
undefined
undefined
undefined
undefined
undefined
undefined
undefined
undefined
undefined
undefined
undefined
undefined
undefined
undefined
undefined
undefined
undefined
undefined
undefined
undefined
undefined
undefined
undefined
undefined
undefined
undefined
undefined
undefined
undefined
undefined
undefined
undefined
undefined
undefined
undefined
undefined
undefined
undefined
undefined
undefined
undefined
undefined
undefined
undefined
undefined
undefined
undefined
undefined
undefined
undefined
undefined
undefined
undefined
undefined
undefined
undefined
undefined
undefined
undefined
undefined
undefined
undefined
undefined
undefined
undefined
undefined
undefined
undefined
undefined
undefined
undefined
undefined
undefined
undefined
undefined
undefined
undefined
undefined
undefined
undefined
undefined
undefined
undefined
undefined
undefined
undefined
undefined
undefined
undefined
undefined
undefined
undefined
undefined
undefined
undefined
undefined
undefined
undefined
undefined
undefined
undefined
undefined
undefined
undefined
undefined
undefined
undefined
undefined
undefined
undefined
undefined
undefined
undefined
undefined
undefined
undefined
undefined
undefined
undefined
undefined
undefined
undefined
undefined
undefined
undefined
undefined
undefined
undefined
undefined
undefined
undefined
undefined
undefined
undefined
undefined
undefined
undefined
undefined
undefined
undefined
undefined
undefined
undefined
undefined
undefined
undefined
undefined
undefined
undefined
undefined
undefined
undefined
undefined
undefined
undefined
undefined
undefined
undefined
undefined
undefined
undefined
undefined
undefined
undefined
undefined
undefined
undefined
undefined
undefined
undefined
undefined
undefined
undefined
undefined
undefined
undefined
undefined
undefined
undefined
undefined
undefined
undefined
undefined
undefined
undefined
undefined
undefined
undefined
undefined
undefined
undefined
undefined
undefined
undefined
undefined
undefined
undefined
undefined
undefined
undefined
undefined
undefined
undefined
undefined
undefined
undefined
undefined
undefined
undefined
undefined
undefined
undefined
undefined
undefined
undefined
undefined
undefined
undefined
undefined
undefined
undefined
undefined
undefined
undefined
undefined
undefined
undefined
undefined
undefined
undefined
undefined
undefined
undefined
undefined
undefined
undefined
undefined
undefined
undefined
undefined
undefined
undefined
undefined
undefined
undefined
undefined
undefined
undefined
undefined
undefined
undefined
undefined
undefined
undefined
undefined
undefined
undefined
undefined
undefined
undefined
undefined
undefined
undefined
undefined
undefined
undefined
undefined
undefined
undefined
undefined
undefined
undefined
undefined
undefined
undefined
undefined
undefined
undefined
undefined
undefined
undefined
undefined
undefined
undefined
undefined
undefined
undefined
undefined
undefined
undefined
undefined
undefined
undefined
undefined
undefined
undefined
undefined
undefined
undefined
undefined
undefined
undefined
undefined
undefined
undefined
undefined
undefined
undefined
undefined
undefined
undefined
undefined
undefined
undefined
undefined
undefined
undefined
undefined
undefined
undefined
undefined
undefined
undefined
undefined
undefined
undefined
undefined
undefined
undefined
undefined
undefined
undefined
undefined
undefined
undefined
undefined
undefined
undefined
undefined
undefined
undefined
undefined
undefined
undefined
undefined
undefined
undefined
undefined
undefined
undefined
undefined
undefined
undefined
undefined
undefined
undefined
undefined
undefined
undefined
undefined
undefined
undefined
undefined
undefined
undefined
undefined
undefined
undefined
undefined
undefined
undefined
undefined
undefined
undefined
undefined
undefined
undefined
undefined
undefined
undefined
undefined
undefined
undefined
undefined
undefined
undefined
undefined
undefined
undefined
undefined
undefined
undefined
undefined
undefined
undefined
undefined
undefined
undefined
undefined
undefined
undefined
undefined
undefined
undefined
undefined
undefined
undefined
undefined
undefined
undefined
undefined
undefined
undefined
undefined
undefined
undefined
undefined
undefined
undefined
undefined
undefined
undefined
undefined
undefined
undefined
undefined
undefined
undefined
undefined
undefined
undefined
undefined
undefined
undefined
undefined
undefined
undefined
undefined
undefined
undefined
undefined
undefined
undefined
undefined
undefined
undefined
undefined
undefined
undefined
undefined
undefined
undefined
undefined
undefined
undefined
undefined
undefined
undefined
undefined
undefined
undefined
undefined
undefined
undefined
undefined
undefined
undefined
undefined
undefined
undefined
undefined
undefined
undefined
undefined
undefined
undefined
undefined
undefined
undefined
undefined
undefined
undefined
undefined
undefined
undefined
undefined
undefined
undefined
undefined
undefined
undefined
undefined
undefined
undefined
undefined
undefined
undefined
undefined
undefined
undefined
undefined
undefined
undefined
undefined
undefined
undefined
undefined
undefined
undefined
undefined
undefined
undefined
undefined
undefined
undefined
undefined
undefined
undefined
undefined
undefined
undefined
undefined
undefined
undefined
undefined
undefined
undefined
undefined
undefined
undefined
undefined
undefined
undefined
undefined
undefined
undefined
undefined
undefined
undefined
undefined
undefined
undefined
undefined
undefined
undefined
undefined
undefined
undefined
undefined
undefined
undefined
undefined
undefined
undefined
undefined
undefined
undefined
undefined
undefined
undefined
undefined
undefined
undefined
undefined
undefined
undefined
undefined
undefined
undefined
undefined
undefined
undefined
undefined
undefined
undefined
undefined
undefined
undefined
undefined
undefined
undefined
undefined
undefined
undefined
undefined
undefined
undefined
undefined
undefined
undefined
undefined
undefined
undefined
undefined
undefined
undefined
undefined
undefined
undefined
undefined
undefined
undefined
undefined
undefined
undefined
undefined
undefined
undefined
undefined
undefined
undefined
undefined
undefined
undefined
undefined
undefined
undefined
undefined
undefined
undefined
undefined
undefined
undefined
undefined
undefined
undefined
undefined
undefined
undefined
undefined
undefined
undefined
undefined
undefined
undefined
undefined
undefined
undefined
undefined
undefined
undefined
undefined
undefined
undefined
undefined
undefined
undefined
undefined
undefined
undefined
undefined
undefined
undefined
undefined
undefined
undefined
undefined
undefined
undefined
undefined
undefined
undefined
undefined
undefined
undefined
undefined
undefined
undefined
undefined
undefined
undefined
undefined
undefined
undefined
undefined
undefined
undefined
undefined
undefined
undefined
undefined
undefined
undefined
undefined
undefined
undefined
undefined
undefined
undefined
undefined
undefined
undefined
undefined
undefined
undefined
undefined
undefined
undefined
undefined
undefined
undefined
undefined
undefined
undefined
undefined
undefined
undefined
undefined
undefined
undefined
undefined
undefined
undefined
undefined
undefined
undefined
undefined
undefined
undefined
undefined
undefined
undefined
undefined
undefined
undefined
undefined
undefined
undefined
undefined
undefined
undefined
undefined
undefined
undefined
undefined
undefined
undefined
undefined
undefined
undefined
undefined
undefined
undefined
undefined
undefined
undefined
undefined
undefined
undefined
undefined
undefined
undefined
undefined
undefined
undefined
undefined
undefined
undefined
undefined
undefined
undefined
undefined
undefined
undefined
undefined
undefined
undefined
undefined
undefined
undefined
undefined
undefined
undefined
undefined
undefined
undefined
undefined
undefined
undefined
undefined
undefined
undefined
undefined
undefined
undefined
undefined
undefined
undefined
undefined
undefined
undefined
undefined
undefined
undefined
undefined
undefined
undefined
undefined
undefined
undefined
undefined
undefined
undefined
undefined
undefined
undefined
undefined
undefined
undefined
undefined
undefined
undefined
undefined
undefined
undefined
undefined
undefined
undefined
undefined
undefined
undefined
undefined
undefined
undefined
undefined
undefined
undefined
undefined
undefined
undefined
undefined
undefined
undefined
undefined
undefined
undefined
undefined
undefined
undefined
undefined
undefined
undefined
undefined
undefined
undefined
undefined
undefined
undefined
undefined
undefined
undefined
undefined
undefined
undefined
undefined
undefined
undefined
undefined
undefined
undefined
undefined
undefined
undefined
undefined
undefined
undefined
undefined
undefined
undefined
undefined
undefined
undefined
undefined
undefined
undefined
undefined
undefined
undefined
undefined
undefined
undefined
undefined
undefined
undefined
undefined
undefined
undefined
undefined
undefined
undefined
undefined
undefined
undefined
undefined
undefined
undefined
undefined
undefined
undefined
undefined
undefined
undefined
undefined
undefined
undefined
undefined
undefined
undefined
undefined
undefined
undefined
undefined
undefined
undefined
undefined
undefined
undefined
undefined
undefined
undefined
undefined
undefined
undefined
undefined
undefined
undefined
undefined
undefined
undefined
undefined
undefined
undefined
undefined
undefined
undefined
undefined
undefined
undefined
undefined
undefined
undefined
undefined
undefined
undefined
undefined
undefined
undefined
undefined
undefined
undefined
undefined
undefined
undefined
undefined
undefined
undefined
undefined
undefined
undefined
undefined
undefined
undefined
undefined
undefined
undefined
undefined
undefined
undefined
undefined
undefined
undefined
undefined
undefined
undefined
undefined
undefined
undefined
undefined
undefined
undefined
undefined
undefined
undefined
undefined
undefined
undefined
undefined
undefined
undefined
undefined
undefined
undefined
undefined
undefined
undefined
undefined
undefined
undefined
undefined
undefined
undefined
undefined
undefined
undefined
undefined
undefined
undefined
undefined
undefined
undefined
undefined
undefined
undefined
undefined
undefined
undefined
undefined
undefined
undefined
undefined
undefined
undefined
undefined
undefined
undefined
undefined
undefined
undefined
undefined
undefined
undefined
undefined
undefined
undefined
undefined
undefined
undefined
undefined
undefined
undefined
undefined
undefined
undefined
undefined
undefined
undefined
undefined
undefined
undefined
undefined
undefined
undefined
undefined
undefined
undefined
undefined
undefined
undefined
undefined
undefined
undefined
undefined
undefined
undefined
undefined
undefined
undefined
undefined
undefined
undefined
undefined
undefined
undefined
undefined
undefined
undefined
undefined
undefined
undefined
undefined
undefined
undefined
undefined
undefined
undefined
undefined
undefined
undefined
undefined
undefined
undefined
undefined
undefined
undefined
undefined
undefined
undefined
undefined
undefined
undefined
undefined
undefined
undefined
undefined
undefined
undefined
undefined
undefined
undefined
undefined
undefined
undefined
undefined
undefined
undefined
undefined
undefined
undefined
undefined
undefined
undefined
undefined
undefined
undefined
undefined
undefined
undefined
undefined
undefined
undefined
undefined
undefined
undefined
undefined
undefined
undefined
undefined
undefined
undefined
undefined
undefined
undefined
undefined
undefined
undefined
undefined
undefined
undefined
undefined
undefined
undefined
undefined
undefined
undefined
undefined
undefined
undefined
undefined
undefined
undefined
undefined
undefined
undefined
undefined
undefined
undefined
undefined
undefined
undefined
undefined
undefined
undefined
undefined
undefined
undefined
undefined
undefined
undefined
undefined
undefined
undefined
undefined
undefined
undefined
undefined
undefined
undefined
undefined
undefined
undefined
undefined
undefined
undefined
undefined
undefined
undefined
undefined
undefined
undefined
undefined
undefined
undefined
undefined
undefined
undefined
undefined
undefined
undefined
undefined
undefined
undefined
undefined
undefined
undefined
undefined
undefined
undefined
undefined
undefined
undefined
undefined
undefined
undefined
undefined
undefined
undefined
undefined
undefined
undefined
undefined
undefined
undefined
undefined
undefined
undefined
undefined
undefined
undefined
undefined
undefined
undefined
undefined
undefined
undefined
undefined
undefined
undefined
undefined
undefined
undefined
undefined
undefined
undefined
undefined
undefined
undefined
undefined
undefined
undefined
undefined
undefined
undefined
undefined
undefined
undefined
undefined
undefined
undefined
undefined
undefined
undefined
undefined
undefined
undefined
undefined
undefined
undefined
undefined
undefined
undefined
undefined
undefined
undefined
undefined
undefined
undefined
undefined
undefined
undefined
undefined
undefined
undefined
undefined
undefined
undefined
undefined
undefined
undefined
undefined
undefined
undefined
undefined
undefined
undefined
undefined
undefined
undefined
undefined
undefined
undefined
undefined
undefined
undefined
undefined
undefined
undefined
undefined
undefined
undefined
undefined
undefined
undefined
undefined
undefined
undefined
undefined
undefined
undefined
undefined
undefined
undefined
undefined
undefined
undefined
undefined
undefined
undefined
undefined
undefined
undefined
undefined
undefined
undefined
undefined
undefined
undefined
undefined
undefined
undefined
undefined
undefined
undefined
undefined
undefined
undefined
undefined
undefined
undefined
undefined
undefined
undefined
undefined
undefined
undefined
undefined
undefined
undefined
undefined
undefined
undefined
undefined
undefined
undefined
undefined
undefined
undefined
undefined
undefined
undefined
undefined
undefined
undefined
undefined
undefined
undefined
undefined
undefined
undefined
undefined
undefined
undefined
undefined
undefined
undefined
undefined
undefined
undefined
undefined
undefined
undefined
undefined
undefined
undefined
undefined
undefined
undefined
undefined
undefined
undefined
undefined
undefined
undefined
undefined
undefined
undefined
undefined
undefined
undefined
undefined
undefined
undefined
undefined
undefined
undefined
undefined
undefined
undefined
undefined
undefined
undefined
undefined
undefined
undefined
undefined
undefined
undefined
undefined
undefined
undefined
undefined
undefined
undefined
undefined
undefined
undefined
undefined
undefined
undefined
undefined
undefined
undefined
undefined
undefined
undefined
undefined
undefined
undefined
undefined
undefined
undefined
undefined
undefined
undefined
undefined
undefined
undefined
undefined
undefined
undefined
undefined
undefined
undefined
undefined
undefined
undefined
undefined
undefined
undefined
undefined
undefined
undefined
undefined
undefined
undefined
undefined
undefined
undefined
undefined
undefined
undefined
undefined
undefined
undefined
undefined
undefined
undefined
undefined
undefined
undefined
undefined
undefined
undefined
undefined
undefined
undefined
undefined
undefined
undefined
undefined
undefined
undefined
undefined
undefined
undefined
undefined
undefined
undefined
undefined
undefined
undefined
undefined
undefined
undefined
undefined
undefined
undefined
undefined
undefined
undefined
undefined
undefined
undefined
undefined
undefined
undefined
undefined
undefined
undefined
undefined
undefined
undefined
undefined
undefined
undefined
undefined
undefined
undefined
undefined
undefined
undefined
undefined
undefined
undefined
undefined
undefined
undefined
undefined
undefined
undefined
undefined
undefined
undefined
undefined
undefined
undefined
undefined
undefined
undefined
undefined
undefined
undefined
undefined
undefined
undefined
undefined
undefined
undefined
undefined
undefined
undefined
undefined
undefined
undefined
undefined
undefined
undefined
undefined
undefined
undefined
undefined
undefined
undefined
undefined
undefined
undefined
undefined
undefined
undefined
undefined
undefined
undefined
undefined
undefined
undefined
undefined
undefined
undefined
undefined
undefined
undefined
undefined
undefined
undefined
undefined
undefined
undefined
undefined
undefined
undefined
undefined
undefined
undefined
undefined
undefined
undefined
undefined
undefined
undefined
undefined
undefined
undefined
undefined
undefined
undefined
undefined
undefined
undefined
undefined
undefined
undefined
undefined
undefined
undefined
undefined
undefined
undefined
undefined
undefined
undefined
undefined
undefined
undefined
undefined
undefined
undefined
undefined
undefined
undefined
undefined
undefined
undefined
undefined
undefined
undefined
undefined
undefined
undefined
undefined
undefined
undefined
undefined
undefined
undefined
undefined
undefined
undefined
undefined
undefined
undefined
undefined
undefined
undefined
undefined
undefined
undefined
undefined
undefined
undefined
undefined
undefined
undefined
undefined
undefined
undefined
undefined
undefined
undefined
undefined
undefined
undefined
undefined
undefined
undefined
undefined
undefined
undefined
undefined
undefined
undefined
undefined
undefined
undefined
undefined
undefined
undefined
undefined
undefined
undefined
undefined
undefined
undefined
undefined
undefined
undefined
undefined
undefined
undefined
undefined
undefined
undefined
undefined
undefined
undefined
undefined
undefined
undefined
undefined
undefined
undefined
undefined
undefined
undefined
undefined
undefined
undefined
undefined
undefined
undefined
undefined
undefined
undefined
undefined
undefined
undefined
undefined
undefined
undefined
undefined
undefined
undefined
undefined
undefined
undefined
undefined
undefined
undefined
undefined
undefined
undefined
undefined
undefined
undefined
undefined
undefined
undefined
undefined
undefined
undefined
undefined
undefined
undefined
undefined
undefined
undefined
undefined
undefined
undefined
undefined
undefined
undefined
undefined
undefined
undefined
undefined
undefined
undefined
undefined
undefined
undefined
undefined
undefined
undefined
undefined
undefined
undefined
undefined
undefined
undefined
undefined
undefined
undefined
undefined
undefined
undefined
undefined
undefined
undefined
undefined
undefined
undefined
undefined
undefined
undefined
undefined
undefined
undefined
undefined
undefined
undefined
undefined
undefined
undefined
undefined
undefined
undefined
undefined
undefined
undefined
undefined
undefined
undefined
undefined
undefined
undefined
undefined
undefined
undefined
undefined
undefined
undefined
undefined
undefined
undefined
undefined
undefined
undefined
undefined
undefined
undefined
undefined
undefined
undefined
undefined
undefined
undefined
undefined
undefined
undefined
undefined
undefined
undefined
undefined
undefined
undefined
undefined
undefined
undefined
undefined
undefined
undefined
undefined
undefined
undefined
undefined
undefined
undefined
undefined
undefined
undefined
undefined
undefined
undefined
undefined
undefined
undefined
undefined
undefined
undefined
undefined
undefined
undefined
undefined
undefined
undefined
undefined
undefined
undefined
undefined
undefined
undefined
undefined
undefined
undefined
undefined
undefined
undefined
undefined
undefined
undefined
undefined
undefined
undefined
undefined
undefined
undefined
undefined
undefined
undefined
undefined
undefined
undefined
undefined
undefined
undefined
undefined
undefined
undefined
undefined
undefined
undefined
undefined
undefined
undefined
undefined
undefined
undefined
undefined
undefined
undefined
undefined
undefined
undefined
undefined
undefined
undefined
undefined
undefined
undefined
undefined
undefined
undefined
undefined
undefined
undefined
undefined
undefined
undefined
undefined
undefined
undefined
undefined
undefined
undefined
undefined
undefined
undefined
undefined
undefined
undefined
undefined
undefined
undefined
undefined
undefined
undefined
undefined
undefined
undefined
undefined
undefined
undefined
undefined
undefined
undefined
undefined
undefined
undefined
undefined
undefined
undefined
undefined
undefined
undefined
undefined
undefined
undefined
undefined
undefined
undefined
undefined
undefined
undefined
undefined
undefined
undefined
undefined
undefined
undefined
undefined
undefined
undefined
undefined
undefined
undefined
undefined
undefined
undefined
undefined
undefined
undefined
undefined
undefined
undefined
undefined
undefined
undefined
undefined
undefined
undefined
undefined
undefined
undefined
undefined
undefined
undefined
undefined
undefined
undefined
undefined
undefined
undefined
undefined
undefined
undefined
undefined
undefined
undefined
undefined
undefined
undefined
undefined
undefined
undefined
undefined
undefined
undefined
undefined
undefined
undefined
undefined
undefined
undefined
undefined
undefined
undefined
undefined
undefined
undefined
undefined
undefined
undefined
undefined
undefined
undefined
undefined
undefined
undefined
undefined
undefined
undefined
undefined
undefined
undefined
undefined
undefined
undefined
undefined
undefined
undefined
undefined
undefined
undefined
undefined
undefined
undefined
undefined
undefined
undefined
undefined
undefined
undefined
undefined
undefined
undefined
undefined
undefined
undefined
undefined
undefined
undefined
undefined
undefined
undefined
undefined
undefined
undefined
undefined
undefined
undefined
undefined
undefined
undefined
undefined
undefined
undefined
undefined
undefined
undefined
undefined
undefined
undefined
undefined
undefined
undefined
undefined
undefined
undefined
undefined
undefined
undefined
undefined
undefined
undefined
undefined
undefined
undefined
undefined
undefined
undefined
undefined
undefined
undefined
undefined
undefined
undefined
undefined
undefined
undefined
undefined
undefined
undefined
undefined
undefined
undefined
undefined
undefined
undefined
undefined
undefined
undefined
undefined
undefined
undefined
undefined
undefined
undefined
undefined
undefined
undefined
undefined
undefined
undefined
undefined
undefined
undefined
undefined
undefined
undefined
undefined
undefined
undefined
undefined
undefined
undefined
undefined
undefined
undefined
undefined
undefined
undefined
undefined
undefined
undefined
undefined
undefined
undefined
undefined
undefined
undefined
undefined
undefined
undefined
undefined
undefined
undefined
undefined
undefined
undefined
undefined
undefined
undefined
undefined
undefined
undefined
undefined
undefined
undefined
undefined
undefined
undefined
undefined
undefined
undefined
undefined
undefined
undefined
undefined
undefined
undefined
undefined
undefined
undefined
undefined
undefined
undefined
undefined
undefined
undefined
undefined
undefined
undefined
undefined
undefined
undefined
undefined
undefined
undefined
undefined
undefined
undefined
undefined
undefined
undefined
undefined
undefined
undefined
undefined
undefined
undefined
undefined
undefined
undefined
undefined
undefined
undefined
undefined
undefined
undefined
undefined
undefined
undefined
undefined
undefined
undefined
undefined
undefined
undefined
undefined
undefined
undefined
undefined
undefined
undefined
undefined
undefined
undefined
undefined
undefined
undefined
undefined
undefined
undefined
undefined
undefined
undefined
undefined
undefined
undefined
undefined
undefined
undefined
undefined
undefined
undefined
undefined
undefined
undefined
undefined
undefined
undefined
undefined
undefined
undefined
undefined
undefined
undefined
undefined
undefined
undefined
undefined
undefined
undefined
undefined
undefined
undefined
undefined
undefined
undefined
undefined
undefined
undefined
undefined
undefined
undefined
undefined
undefined
undefined
undefined
undefined
undefined
undefined
undefined
undefined
undefined
undefined
undefined
undefined
undefined
undefined
undefined
undefined
undefined
undefined
undefined
undefined
undefined
undefined
undefined
undefined
undefined
undefined
undefined
undefined
undefined
undefined
undefined
undefined
undefined
undefined
undefined
undefined
undefined
undefined
undefined
undefined
undefined
undefined
undefined
undefined
undefined
undefined
undefined
undefined
undefined
undefined
undefined
undefined
undefined
undefined
undefined
undefined
undefined
undefined
undefined
undefined
undefined
undefined
undefined
undefined
undefined
undefined
undefined
undefined
undefined
undefined
undefined
undefined
undefined
undefined
undefined
undefined
undefined
undefined
undefined
undefined
undefined
undefined
undefined
undefined
undefined
undefined
undefined
undefined
undefined
undefined
undefined
undefined
undefined
undefined
undefined
undefined
undefined
undefined
undefined
undefined
undefined
undefined
undefined
undefined
undefined
undefined
undefined
undefined
undefined
undefined
undefined
undefined
undefined
undefined
undefined
undefined
undefined
undefined
undefined
undefined
undefined
undefined
undefined
undefined
undefined
undefined
undefined
undefined
undefined
undefined
undefined
undefined
undefined
undefined
undefined
undefined
undefined
undefined
undefined
undefined
undefined
undefined
undefined
undefined
undefined
undefined
undefined
undefined
undefined
undefined
undefined
undefined
undefined
undefined
undefined
undefined
undefined
undefined
undefined
undefined
undefined
undefined
undefined
undefined
undefined
undefined
undefined
undefined
undefined
undefined
undefined
undefined
undefined
undefined
undefined
undefined
undefined
undefined
undefined
undefined
undefined
undefined
undefined
undefined
undefined
undefined
undefined
undefined
undefined
undefined
undefined
undefined
undefined
undefined
undefined
undefined
undefined
undefined
undefined
undefined
undefined
undefined
undefined
undefined
undefined
undefined
undefined
undefined
undefined
undefined
undefined
undefined
undefined
undefined
undefined
undefined
undefined
undefined
undefined
undefined
undefined
undefined
undefined
undefined
undefined
undefined
undefined
undefined
undefined
undefined
undefined
undefined
undefined
undefined
undefined
undefined
undefined
undefined
undefined
undefined
undefined
undefined
undefined
undefined
undefined
undefined
undefined
undefined
undefined
undefined
undefined
undefined
undefined
undefined
undefined
undefined
undefined
undefined
undefined
undefined
undefined
undefined
undefined
undefined
undefined
undefined
undefined
undefined
undefined
undefined
undefined
undefined
undefined
undefined
undefined
undefined
undefined
undefined
undefined
undefined
undefined
undefined
undefined
undefined
undefined
undefined
undefined
undefined
undefined
undefined
undefined
undefined
undefined
undefined
undefined
undefined
undefined
undefined
undefined
undefined
undefined
undefined
undefined
undefined
undefined
undefined
undefined
undefined
undefined
undefined
undefined
undefined
undefined
undefined
undefined
undefined
undefined
undefined
undefined
undefined
undefined
undefined
undefined
undefined
undefined
undefined
undefined
undefined
undefined
undefined
undefined
undefined
undefined
undefined
undefined
undefined
undefined
undefined
undefined
undefined
undefined
undefined
undefined
undefined
undefined
undefined
undefined
undefined
undefined
undefined
undefined
undefined
undefined
undefined
undefined
undefined
undefined
undefined
undefined
undefined
undefined
undefined
undefined
undefined
undefined
undefined
undefined
undefined
undefined
undefined
undefined
undefined
undefined
undefined
undefined
undefined
undefined
undefined
undefined
undefined
undefined
undefined
undefined
undefined
undefined
undefined
undefined
undefined
undefined
undefined
undefined
undefined
undefined
undefined
undefined
undefined
undefined
undefined
undefined
undefined
undefined
undefined
undefined
undefined
undefined
undefined
undefined
undefined
undefined
undefined
undefined
undefined
undefined
undefined
undefined
undefined
undefined
undefined
undefined
undefined
undefined
undefined
undefined
undefined
undefined
undefined
undefined
undefined
undefined
undefined
undefined
undefined
undefined
undefined
undefined
undefined
undefined
undefined
undefined
undefined
undefined
undefined
undefined
undefined
undefined
undefined
undefined
undefined
undefined
undefined
undefined
undefined
undefined
undefined
undefined
undefined
undefined
undefined
undefined
undefined
undefined
undefined
undefined
undefined
undefined
undefined
undefined
undefined
undefined
undefined
undefined
undefined
undefined
undefined
undefined
undefined
undefined
undefined
undefined
undefined
undefined
undefined
undefined
undefined
undefined
undefined
undefined
undefined
undefined
undefined
undefined
undefined
undefined
undefined
undefined
undefined
undefined
undefined
undefined
undefined
undefined
undefined
undefined
undefined
undefined
undefined
undefined
undefined
undefined
undefined
undefined
undefined
undefined
undefined
undefined
undefined
undefined
undefined
undefined
undefined
undefined
undefined
undefined
undefined
undefined
undefined
undefined
undefined
undefined
undefined
undefined
undefined
undefined
undefined
undefined
undefined
undefined
undefined
undefined
undefined
undefined
undefined
undefined
undefined
undefined
undefined
undefined
undefined
undefined
undefined
undefined
undefined
undefined
undefined
undefined
undefined
undefined
undefined
undefined
undefined
undefined
undefined
undefined
undefined
undefined
undefined
undefined
undefined
undefined
undefined
undefined
undefined
undefined
undefined
undefined
undefined
undefined
undefined
undefined
undefined
undefined
undefined
undefined
undefined
undefined
undefined
undefined
undefined
undefined
undefined
undefined
undefined
undefined
undefined
undefined
undefined
undefined
undefined
undefined
undefined
undefined
undefined
undefined
undefined
undefined
undefined
undefined
undefined
undefined
undefined
undefined
undefined
undefined
undefined
undefined
undefined
undefined
undefined
undefined
undefined
undefined
undefined
undefined
undefined
undefined
undefined
undefined
undefined
undefined
undefined
undefined
undefined
undefined
undefined
undefined
undefined
undefined
undefined
undefined
undefined
undefined
undefined
undefined
undefined
undefined
undefined
undefined
undefined
undefined
undefined
undefined
undefined
undefined
undefined
undefined
undefined
undefined
undefined
undefined
undefined
undefined
undefined
undefined
undefined
undefined
undefined
undefined
undefined
undefined
undefined
undefined
undefined
undefined
undefined
undefined
undefined
undefined
undefined
undefined
undefined
undefined
undefined
undefined
undefined
undefined
undefined
undefined
undefined
undefined
undefined
undefined
undefined
undefined
undefined
undefined
undefined
undefined
undefined
undefined
undefined
undefined
undefined
undefined
undefined
undefined
undefined
undefined
undefined
undefined
undefined
undefined
undefined
undefined
undefined
undefined
undefined
undefined
undefined
undefined
undefined
undefined
undefined
undefined
undefined
undefined
undefined
undefined
undefined
undefined
undefined
undefined
undefined
undefined
undefined
undefined
undefined
undefined
undefined
undefined
undefined
undefined
undefined
undefined
undefined
undefined
undefined
undefined
undefined
undefined
undefined
undefined
undefined
undefined
undefined
undefined
undefined
undefined
undefined
undefined
undefined
undefined
undefined
undefined
undefined
undefined
undefined
undefined
undefined
undefined
undefined
undefined
undefined
undefined
undefined
undefined
undefined
undefined
undefined
undefined
undefined
undefined
undefined
undefined
undefined
undefined
undefined
undefined
undefined
undefined
undefined
undefined
undefined
undefined
undefined
undefined
undefined
undefined
undefined
undefined
undefined
undefined
undefined
undefined
undefined
undefined
undefined
undefined
undefined
undefined
undefined
undefined
undefined
undefined
undefined
undefined
undefined
undefined
undefined
undefined
undefined
undefined
undefined
undefined
undefined
undefined
undefined
undefined
undefined
undefined
undefined
undefined
undefined
undefined
undefined
undefined
undefined
undefined
undefined
undefined
undefined
undefined
undefined
undefined
undefined
undefined
undefined
undefined
undefined
undefined
undefined
undefined
undefined
undefined
undefined
undefined
undefined
undefined
undefined
undefined
undefined
undefined
undefined
undefined
undefined
undefined
undefined
undefined
undefined
undefined
undefined
undefined
undefined
undefined
undefined
undefined
undefined
undefined
undefined
undefined
undefined
undefined
undefined
undefined
undefined
undefined
undefined
undefined
undefined
undefined
undefined
undefined
undefined
undefined
undefined
undefined
undefined
undefined
undefined
undefined
undefined
undefined
undefined
undefined
undefined
undefined
undefined
undefined
undefined
undefined
undefined
undefined
undefined
undefined
undefined
undefined
undefined
undefined
undefined
undefined
undefined
undefined
undefined
undefined
undefined
undefined
undefined
undefined
undefined
undefined
undefined
undefined
undefined
undefined
undefined
undefined
undefined
undefined
undefined
undefined
undefined
undefined
undefined
undefined
undefined
undefined
undefined
undefined
undefined
undefined
undefined
undefined
undefined
undefined
undefined
undefined
undefined
undefined
undefined
undefined
undefined
undefined
undefined
undefined
undefined
undefined
undefined
undefined
undefined
undefined
undefined
undefined
undefined
undefined
undefined
undefined
undefined
undefined
undefined
undefined
undefined
undefined
undefined
undefined
undefined
undefined
undefined
undefined
undefined
undefined
undefined
undefined
undefined
undefined
undefined
undefined
undefined
undefined
undefined
undefined
undefined
undefined
undefined
undefined
undefined
undefined
undefined
undefined
undefined
undefined
undefined
undefined
undefined
undefined
undefined
undefined
undefined
undefined
undefined
undefined
undefined
undefined
undefined
undefined
undefined
undefined
undefined
undefined
undefined
undefined
undefined
undefined
undefined
undefined
undefined
undefined
undefined
undefined
undefined
undefined
undefined
undefined
undefined
undefined
undefined
undefined
undefined
undefined
undefined
undefined
undefined
undefined
undefined
undefined
undefined
undefined
undefined
undefined
undefined
undefined
undefined
undefined
undefined
undefined
undefined
undefined
undefined
undefined
undefined
undefined
undefined
undefined
undefined
undefined
undefined
undefined
undefined
undefined
undefined
undefined
undefined
undefined
undefined
undefined
undefined
undefined
undefined
undefined
undefined
undefined
undefined
undefined
undefined
undefined
undefined
undefined
undefined
undefined
undefined
undefined
undefined
undefined
undefined
undefined
undefined
undefined
undefined
undefined
undefined
undefined
undefined
undefined
undefined
undefined
undefined
undefined
undefined
undefined
undefined
undefined
undefined
undefined
undefined
undefined
undefined
undefined
undefined
undefined
undefined
undefined
undefined
undefined
undefined
undefined
undefined
undefined
undefined
undefined
undefined
undefined
undefined
undefined
undefined
undefined
undefined
undefined
undefined
undefined
undefined
undefined
undefined
undefined
undefined
undefined
undefined
undefined
undefined
undefined
undefined
undefined
undefined
undefined
undefined
undefined
undefined
undefined
undefined
undefined
undefined
undefined
undefined
undefined
undefined
undefined
undefined
undefined
undefined
undefined
undefined
undefined
undefined
undefined
undefined
undefined
undefined
undefined
undefined
undefined
undefined
undefined
undefined
undefined
undefined
undefined
undefined
undefined
undefined
undefined
undefined
undefined
undefined
undefined
undefined
undefined
undefined
undefined
undefined
undefined
undefined
undefined
undefined
undefined
undefined
undefined
undefined
undefined
undefined
undefined
undefined
undefined
undefined
undefined
undefined
undefined
undefined
undefined
undefined
undefined
undefined
undefined
undefined
undefined
undefined
undefined
undefined
undefined
undefined
undefined
undefined
undefined
undefined
undefined
undefined
undefined
undefined
undefined
undefined
undefined
undefined
undefined
undefined
undefined
undefined
undefined
undefined
undefined
undefined
undefined
undefined
undefined
undefined
undefined
undefined
undefined
undefined
undefined
undefined
undefined
undefined
undefined
undefined
undefined
undefined
undefined
undefined
undefined
undefined
undefined
undefined
undefined
undefined
undefined
undefined
undefined
undefined
undefined
undefined
undefined
undefined
undefined
undefined
undefined
undefined
undefined
undefined
undefined
undefined
undefined
undefined
undefined
undefined
undefined
undefined
undefined
undefined
undefined
undefined
undefined
undefined
undefined
undefined
undefined
undefined
undefined
undefined
undefined
undefined
undefined
undefined
undefined
undefined
undefined
undefined
undefined
undefined
undefined
undefined
undefined
undefined
undefined
undefined
undefined
undefined
undefined
undefined
undefined
undefined
undefined
undefined
undefined
undefined
undefined
undefined
undefined
undefined
undefined
undefined
undefined
undefined
undefined
undefined
undefined
undefined
undefined
undefined
undefined
undefined
undefined
undefined
undefined
undefined
undefined
undefined
undefined
undefined
undefined
undefined
undefined
undefined
undefined
undefined
undefined
undefined
undefined
undefined
undefined
undefined
undefined
undefined
undefined
undefined
undefined
undefined
undefined
undefined
undefined
undefined
undefined
undefined
undefined
undefined
undefined
undefined
undefined
undefined
undefined
undefined
undefined
undefined
undefined
undefined
undefined
undefined
undefined
undefined
undefined
undefined
undefined
undefined
undefined
undefined
undefined
undefined
undefined
undefined
undefined
undefined
undefined
undefined
undefined
undefined
undefined
undefined
undefined
undefined
undefined
undefined
undefined
undefined
undefined
undefined
undefined
undefined
undefined
undefined
undefined
undefined
undefined
undefined
undefined
undefined
undefined
undefined
undefined
undefined
undefined
undefined
undefined
undefined
undefined
undefined
undefined
undefined
undefined
undefined
undefined
undefined
undefined
undefined
undefined
undefined
undefined
undefined
undefined
undefined
undefined
undefined
undefined
undefined
undefined
undefined
undefined
undefined
undefined
undefined
undefined
undefined
undefined
undefined
undefined
undefined
undefined
undefined
undefined
undefined
undefined
undefined
undefined
undefined
undefined
undefined
undefined
undefined
undefined
undefined
undefined
undefined
undefined
undefined
undefined
undefined
undefined
undefined
undefined
undefined
undefined
undefined
undefined
undefined
undefined
undefined
undefined
undefined
undefined
undefined
undefined
undefined
undefined
undefined
undefined
undefined
undefined
undefined
undefined
undefined
undefined
undefined
undefined
undefined
undefined
undefined
undefined
undefined
undefined
undefined
undefined
undefined
undefined
undefined
undefined
undefined
undefined
undefined
undefined
undefined
undefined
undefined
undefined
undefined
undefined
undefined
undefined
undefined
undefined
undefined
undefined
undefined
undefined
undefined
undefined
undefined
undefined
undefined
undefined
undefined
undefined
undefined
undefined
undefined
undefined
undefined
undefined
undefined
undefined
undefined
undefined
undefined
undefined
undefined
undefined
undefined
undefined
undefined
undefined
undefined
undefined
undefined
undefined
undefined
undefined
undefined
undefined
undefined
undefined
undefined
undefined
undefined
undefined
undefined
undefined
undefined
undefined
undefined
undefined
undefined
undefined
undefined
undefined
undefined
undefined
undefined
undefined
undefined
undefined
undefined
undefined
undefined
undefined
undefined
undefined
undefined
undefined
undefined
undefined
undefined
undefined
undefined
undefined
undefined
undefined
undefined
undefined
undefined
undefined
undefined
undefined
undefined
undefined
undefined
undefined
undefined
undefined
undefined
undefined
undefined
undefined
undefined
undefined
undefined
undefined
undefined
undefined
undefined
undefined
undefined
undefined
undefined
undefined
undefined
undefined
undefined
undefined
undefined
undefined
undefined
undefined
undefined
undefined
undefined
undefined
undefined
undefined
undefined
undefined
undefined
undefined
undefined
undefined
undefined
undefined
undefined
undefined
undefined
undefined
undefined
undefined
undefined
undefined
undefined
undefined
undefined
undefined
undefined
undefined
undefined
undefined
undefined
undefined
undefined
undefined
undefined
undefined
undefined
undefined
undefined
undefined
undefined
undefined
undefined
undefined
undefined
undefined
undefined
undefined
undefined
undefined
undefined
undefined
undefined
undefined
undefined
undefined
undefined
undefined
undefined
undefined
undefined
undefined
undefined
undefined
undefined
undefined
undefined
undefined
undefined
undefined
undefined
undefined
undefined
undefined
undefined
undefined
undefined
undefined
undefined
undefined
undefined
undefined
undefined
undefined
undefined
undefined
undefined
undefined
undefined
undefined
undefined
undefined
undefined
undefined
undefined
undefined
undefined
undefined
undefined
undefined
undefined
undefined
undefined
undefined
undefined
undefined
undefined
undefined
undefined
undefined
undefined
undefined
undefined
undefined
undefined
undefined
undefined
undefined
undefined
undefined
undefined
undefined
undefined
undefined
undefined
undefined
undefined
undefined
undefined
undefined
undefined
undefined
undefined
undefined
undefined
undefined
undefined
undefined
undefined
undefined
undefined
undefined
undefined
undefined
undefined
undefined
undefined
undefined
undefined
undefined
undefined
undefined
undefined
undefined
undefined
undefined
undefined
undefined
undefined
undefined
undefined
undefined
undefined
undefined
undefined
undefined
undefined
undefined
undefined
undefined
undefined
undefined
undefined
undefined
undefined
undefined
undefined
undefined
undefined
undefined
undefined
undefined
undefined
undefined
undefined
undefined
undefined
undefined
undefined
undefined
undefined
undefined
undefined
undefined
undefined
undefined
undefined
undefined
undefined
undefined
undefined
undefined
undefined
undefined
undefined
undefined
undefined
undefined
undefined
undefined
undefined
undefined
undefined
undefined
undefined
undefined
undefined
undefined
undefined
undefined
undefined
undefined
undefined
undefined
undefined
undefined
undefined
undefined
undefined
undefined
undefined
undefined
undefined
undefined
undefined
undefined
undefined
undefined
undefined
undefined
undefined
undefined
undefined
undefined
undefined
undefined
undefined
undefined
undefined
undefined
undefined
undefined
undefined
undefined
undefined
undefined
undefined
undefined
undefined
undefined
undefined
undefined
undefined
undefined
undefined
undefined
undefined
undefined
undefined
undefined
undefined
undefined
undefined
undefined
undefined
undefined
undefined
undefined
undefined
undefined
undefined
undefined
undefined
undefined
undefined
undefined
undefined
undefined
undefined
undefined
undefined
undefined
undefined
undefined
undefined
undefined
undefined
undefined
undefined
undefined
undefined
undefined
undefined
undefined
undefined
undefined
undefined
undefined
undefined
undefined
undefined
undefined
undefined
undefined
undefined
undefined
undefined
undefined
undefined
undefined
undefined
undefined
undefined
undefined
undefined
undefined
undefined
undefined
undefined
undefined
undefined
undefined
undefined
undefined
undefined
undefined
undefined
undefined
undefined
undefined
undefined
undefined
undefined
undefined
undefined
undefined
undefined
undefined
undefined
undefined
undefined
undefined
undefined
undefined
undefined
undefined
undefined
undefined
undefined
undefined
undefined
undefined
undefined
undefined
undefined
undefined
undefined
undefined
undefined
undefined
undefined
undefined
undefined
undefined
undefined
undefined
undefined
undefined
undefined
undefined
undefined
undefined
undefined
undefined
undefined
undefined
undefined
undefined
undefined
undefined
undefined
undefined
undefined
undefined
undefined
undefined
undefined
undefined
undefined
undefined
undefined
undefined
undefined
undefined
undefined
undefined
undefined
undefined
undefined
undefined
undefined
undefined
undefined
undefined
undefined
undefined
undefined
undefined
undefined
undefined
undefined
undefined
undefined
undefined
undefined
undefined
undefined
undefined
undefined
undefined
undefined
undefined
undefined
undefined
undefined
undefined
undefined
undefined
undefined
undefined
undefined
undefined
undefined
undefined
undefined
undefined
undefined
undefined
undefined
undefined
undefined
undefined
undefined
undefined
undefined
undefined
undefined
undefined
undefined
undefined
undefined
undefined
undefined
undefined
undefined
undefined
undefined
undefined
undefined
undefined
undefined
undefined
undefined
undefined
undefined
undefined
undefined
undefined
undefined
undefined
undefined
undefined
undefined
undefined
undefined
undefined
undefined
undefined
undefined
undefined
undefined
undefined
undefined
undefined
undefined
undefined
undefined
undefined
undefined
undefined
undefined
undefined
undefined
undefined
undefined
undefined
undefined
undefined
undefined
undefined
undefined
undefined
undefined
undefined
undefined
undefined
undefined
undefined
undefined
undefined
undefined
undefined
undefined
undefined
undefined
undefined
undefined
undefined
undefined
undefined
undefined
undefined
undefined
undefined
undefined
undefined
undefined
undefined
undefined
undefined
undefined
undefined
undefined
undefined
undefined
undefined
undefined
undefined
undefined
undefined
undefined
undefined
undefined
undefined
undefined
undefined
undefined
undefined
undefined
undefined
undefined
undefined
undefined
undefined
undefined
undefined
undefined
undefined
undefined
undefined
undefined
undefined
undefined
undefined
undefined
undefined
undefined
undefined
undefined
undefined
undefined
undefined
undefined
undefined
undefined
undefined
undefined
undefined
undefined
undefined
undefined
undefined
undefined
undefined
undefined
undefined
undefined
undefined
undefined
undefined
undefined
undefined
undefined
undefined
undefined
undefined
undefined
undefined
undefined
undefined
undefined
undefined
undefined
undefined
undefined
undefined
undefined
undefined
undefined
undefined
undefined
undefined
undefined
undefined
undefined
undefined
undefined
undefined
undefined
undefined
undefined
undefined
undefined
undefined
undefined
undefined
undefined
undefined
undefined
undefined
undefined
undefined
undefined
undefined
undefined
undefined
undefined
undefined
undefined
undefined
undefined
undefined
undefined
undefined
undefined
undefined
undefined
undefined
undefined
undefined
undefined
undefined
undefined
undefined
undefined
undefined
undefined
undefined
undefined
undefined
undefined
undefined
undefined
undefined
undefined
undefined
undefined
undefined
undefined
undefined
undefined
undefined
undefined
undefined
undefined
undefined
undefined
undefined
undefined
undefined
undefined
undefined
undefined
undefined
undefined
undefined
undefined
undefined
undefined
undefined
undefined
undefined
undefined
undefined
undefined
undefined
undefined
undefined
undefined
undefined
undefined
undefined
undefined
undefined
undefined
undefined
undefined
undefined
undefined
undefined
undefined
undefined
undefined
undefined
undefined
undefined
undefined
undefined
undefined
undefined
undefined
undefined
undefined
undefined
undefined
undefined
undefined
undefined
undefined
undefined
undefined
undefined
undefined
undefined
undefined
undefined
undefined
undefined
undefined
undefined
undefined
undefined
undefined
undefined
undefined
undefined
undefined
undefined
undefined
undefined
undefined
undefined
undefined
undefined
undefined
undefined
undefined
undefined
undefined
undefined
undefined
undefined
undefined
undefined
undefined
undefined
undefined
undefined
undefined
undefined
undefined
undefined
undefined
undefined
undefined
undefined
undefined
undefined
undefined
undefined
undefined
undefined
undefined
undefined
undefined
undefined
undefined
undefined
undefined
undefined
undefined
undefined
undefined
undefined
undefined
undefined
undefined
undefined
undefined
undefined
undefined
undefined
undefined
undefined
undefined
undefined
undefined
undefined
undefined
undefined
undefined
undefined
undefined
undefined
undefined
undefined
undefined
undefined
undefined
undefined
undefined
undefined
undefined
undefined
undefined
undefined
undefined
undefined
undefined
undefined
undefined
undefined
undefined
undefined
undefined
undefined
undefined
undefined
undefined
undefined
undefined
undefined
undefined
undefined
undefined
undefined
undefined
undefined
undefined
undefined
undefined
undefined
undefined
undefined
undefined
undefined
undefined
undefined
undefined
undefined
undefined
undefined
undefined
undefined
undefined
undefined
undefined
undefined
undefined
undefined
undefined
undefined
undefined
undefined
undefined
undefined
undefined
undefined
undefined
undefined
undefined
undefined
undefined
undefined
undefined
undefined
undefined
undefined
undefined
undefined
undefined
undefined
undefined
undefined
undefined
undefined
undefined
undefined
undefined
undefined
undefined
undefined
undefined
undefined
undefined
undefined
undefined
undefined
undefined
undefined
undefined
undefined
undefined
undefined
undefined
undefined
undefined
undefined
undefined
undefined
undefined
undefined
undefined
undefined
undefined
undefined
undefined
undefined
undefined
undefined
undefined
undefined
undefined
undefined
undefined
undefined
undefined
undefined
undefined
undefined
undefined
undefined
undefined
undefined
undefined
undefined
undefined
undefined
undefined
undefined
undefined
undefined
undefined
undefined
undefined
undefined
undefined
undefined
undefined
undefined
undefined
undefined
undefined
undefined
undefined
undefined
undefined
undefined
undefined
undefined
undefined
undefined
undefined
undefined
undefined
undefined
undefined
undefined
undefined
undefined
undefined
undefined
undefined
undefined
undefined
undefined
undefined
undefined
undefined
undefined
undefined
undefined
undefined
undefined
undefined
undefined
undefined
undefined
undefined
undefined
undefined
undefined
undefined
undefined
undefined
undefined
undefined
undefined
undefined
undefined
undefined
undefined
undefined
undefined
undefined
undefined
undefined
undefined
undefined
undefined
undefined
undefined
undefined
undefined
undefined
undefined
undefined
undefined
undefined
undefined
undefined
undefined
undefined
undefined
undefined
undefined
undefined
undefined
undefined
undefined
undefined
undefined
undefined
undefined
undefined
undefined
undefined
undefined
undefined
undefined
undefined
undefined
undefined
undefined
undefined
undefined
undefined
undefined
undefined
undefined
undefined
undefined
undefined
undefined
undefined
undefined
undefined
undefined
undefined
undefined
undefined
undefined
undefined
undefined
undefined
undefined
undefined
undefined
undefined
undefined
undefined
undefined
undefined
undefined
undefined
undefined
undefined
undefined
undefined
undefined
undefined
undefined
undefined
undefined
undefined
undefined
undefined
undefined
undefined
undefined
undefined
undefined
undefined
undefined
undefined
undefined
undefined
undefined
undefined
undefined
undefined
undefined
undefined
undefined
undefined
undefined
undefined
undefined
undefined
undefined
undefined
undefined
undefined
undefined
undefined
undefined
undefined
undefined
undefined
undefined
undefined
undefined
undefined
undefined
undefined
undefined
undefined
undefined
undefined
undefined
undefined
undefined
undefined
undefined
undefined
undefined
undefined
undefined
undefined
undefined
undefined
undefined
undefined
undefined
undefined
undefined
undefined
undefined
undefined
undefined
undefined
undefined
undefined
undefined
undefined
undefined
undefined
undefined
undefined
undefined
undefined
undefined
undefined
undefined
undefined
undefined
undefined
undefined
undefined
undefined
undefined
undefined
undefined
undefined
undefined
undefined
undefined
undefined
undefined
undefined
undefined
undefined
undefined
undefined
undefined
undefined
undefined
undefined

<--- Last few GCs --->

[159700:0x5a40c6c082f0]    28944 ms: Scavenge (reduce) 1877.2 (1907.3) -> 1876.3 (1907.3) MB, 10.4 / 0.0 ms  (average mu = 0.948, current mu = 0.937) allocation failure; 
[159700:0x5a40c6c082f0]    29349 ms: Mark-sweep (reduce) 2132.1 (2162.3) -> 2127.7 (2162.3) MB, 161.2 / 9.3 ms  (+ 267.3 ms in 2454 steps since start of marking, biggest step 3.0 ms, walltime since start of marking 6810 ms) (average mu = 0.950, current mu

<--- JS stacktrace --->

FATAL ERROR: Reached heap limit Allocation failed - JavaScript heap out of memory
 1: 0x76f3a860633c node::Abort() [/lib/x86_64-linux-gnu/libnode.so.109]
 2: 0x76f3a84fa5db  [/lib/x86_64-linux-gnu/libnode.so.109]
 3: 0x76f3a89ec544 v8::Utils::ReportOOMFailure(v8::internal::Isolate*, char const*, bool) [/lib/x86_64-linux-gnu/libnode.so.109]
 4: 0x76f3a89ec938 v8::internal::V8::FatalProcessOutOfMemory(v8::internal::Isolate*, char const*, bool) [/lib/x86_64-linux-gnu/libnode.so.109]
 5: 0x76f3a8bd80e9  [/lib/x86_64-linux-gnu/libnode.so.109]
 6: 0x76f3a8bedc69 v8::internal::Heap::CollectGarbage(v8::internal::AllocationSpace, v8::internal::GarbageCollectionReason, v8::GCCallbackFlags) [/lib/x86_64-linux-gnu/libnode.so.109]
 7: 0x76f3a8bc8995 v8::internal::HeapAllocator::AllocateRawWithLightRetrySlowPath(int, v8::internal::AllocationType, v8::internal::AllocationOrigin, v8::internal::AllocationAlignment) [/lib/x86_64-linux-gnu/libnode.so.109]
 8: 0x76f3a8bc9d78 v8::internal::HeapAllocator::AllocateRawWithRetryOrFailSlowPath(int, v8::internal::AllocationType, v8::internal::AllocationOrigin, v8::internal::AllocationAlignment) [/lib/x86_64-linux-gnu/libnode.so.109]
 9: 0x76f3a8ba9f01 v8::internal::Factory::NewFillerObject(int, v8::internal::AllocationAlignment, v8::internal::AllocationType, v8::internal::AllocationOrigin) [/lib/x86_64-linux-gnu/libnode.so.109]
10: 0x76f3a8fa1a17 v8::internal::Runtime_AllocateInOldGeneration(int, unsigned long*, v8::internal::Isolate*) [/lib/x86_64-linux-gnu/libnode.so.109]
11: 0x76f3a88fc1f9  [/lib/x86_64-linux-gnu/libnode.so.109]

[Done] exited with code=null in 80.802 seconds

[Running] node "/home/sihammohamud/fst/javascript/loops/for.js"
fikir
jaceyl
warwar
walbahaar

[Done] exited with code=0 in 0.104 seconds

[Running] node "/home/sihammohamud/fst/javascript/loops/tempCodeRunnerFile.js"

[Done] exited with code=0 in 0.083 seconds

[Running] node "/home/sihammohamud/fst/javascript/loops/for.js"

[Done] exited with code=0 in 0.075 seconds

[Running] node "/home/sihammohamud/fst/javascript/loops/for.js"

[Done] exited with code=0 in 0.068 seconds

[Running] node "/home/sihammohamud/fst/javascript/loops/for.js"

[Done] exited with code=0 in 0.065 seconds

[Running] node "/home/sihammohamud/fst/javascript/loops/tempCodeRunnerFile.js"
/home/sihammohamud/fst/javascript/loops/tempCodeRunnerFile.js:8
// }
    

SyntaxError: Unexpected end of input
    at internalCompileFunction (node:internal/vm:73:18)
    at wrapSafe (node:internal/modules/cjs/loader:1274:20)
    at Module._compile (node:internal/modules/cjs/loader:1320:27)
    at Module._extensions..js (node:internal/modules/cjs/loader:1414:10)
    at Module.load (node:internal/modules/cjs/loader:1197:32)
    at Module._load (node:internal/modules/cjs/loader:1013:12)
    at Function.executeUserEntryPoint [as runMain] (node:internal/modules/run_main:128:12)
    at node:internal/main/run_main_module:28:49

Node.js v18.19.1

[Done] exited with code=1 in 0.091 seconds

[Running] node "/home/sihammohamud/fst/javascript/loops/for.js"
hi its me
hi its me
hi its me
hi its me
hi its me

[Done] exited with code=0 in 0.083 seconds

[Running] node "/home/sihammohamud/fst/javascript/loops/for.js"
sheikh xanafi
sheikh xassan barsane
undefined
undefined
undefined

[Done] exited with code=0 in 0.227 seconds

[Running] node "/home/sihammohamud/fst/javascript/loops/for.js"

[Done] exited with code=0 in 0.074 seconds

[Running] node "/home/sihammohamud/fst/javascript/loops/for.js"
sheikh xanafi
sheikh xassan barsane

[Done] exited with code=0 in 0.079 seconds

[Running] node "/home/sihammohamud/fst/javascript/loops/for.js"
sheikh

[Done] exited with code=0 in 0.079 seconds

[Running] node "/home/sihammohamud/fst/javascript/loops/for.js"
sheikh

[Done] exited with code=0 in 0.072 seconds

[Running] node "/home/sihammohamud/fst/javascript/loops/for.js"
xanafi

[Done] exited with code=0 in 0.071 seconds

[Running] node "/home/sihammohamud/fst/javascript/loops/for.js"
sheikh
xanafi

[Done] exited with code=0 in 0.08 seconds

[Running] node "/home/sihammohamud/fst/javascript/loops/for.js"
sheikh
xanafi
xassa
barsane

[Done] exited with code=0 in 0.081 seconds

[Running] node "/home/sihammohamud/fst/javascript/loops/while.js"
siham
siham
siham
siham
siham

[Done] exited with code=0 in 0.092 seconds

[Running] node "/home/sihammohamud/fst/javascript/loops/while.js"
 waryaa
 waryaa
 waryaa
 waryaa
 waryaa
 waryaa
 waryaa
 waryaa
 waryaa
 waryaa

[Done] exited with code=0 in 0.085 seconds

[Running] node "/home/sihammohamud/fst/javascript/loops/forof.js"

[Done] exited with code=0 in 0.479 seconds

[Running] node "/home/sihammohamud/fst/javascript/loops/forof.js"

[Done] exited with code=0 in 0.113 seconds

[Running] node "/home/sihammohamud/fst/javascript/loops/forof.js"
/home/sihammohamud/fst/javascript/loops/forof.js:4
let town = ("muqdisho", "hargeisa", "kismaayo", );
                                                ^

SyntaxError: Unexpected token ')'
    at internalCompileFunction (node:internal/vm:73:18)
    at wrapSafe (node:internal/modules/cjs/loader:1274:20)
    at Module._compile (node:internal/modules/cjs/loader:1320:27)
    at Module._extensions..js (node:internal/modules/cjs/loader:1414:10)
    at Module.load (node:internal/modules/cjs/loader:1197:32)
    at Module._load (node:internal/modules/cjs/loader:1013:12)
    at Function.executeUserEntryPoint [as runMain] (node:internal/modules/run_main:128:12)
    at node:internal/main/run_main_module:28:49

Node.js v18.19.1

[Done] exited with code=1 in 0.171 seconds

[Running] node "/home/sihammohamud/fst/javascript/loops/forof.js"
/home/sihammohamud/fst/javascript/loops/forof.js:4
let town = ("muqdisho", "hargeisa", "kismaayo", )
                                                ^

SyntaxError: Unexpected token ')'
    at internalCompileFunction (node:internal/vm:73:18)
    at wrapSafe (node:internal/modules/cjs/loader:1274:20)
    at Module._compile (node:internal/modules/cjs/loader:1320:27)
    at Module._extensions..js (node:internal/modules/cjs/loader:1414:10)
    at Module.load (node:internal/modules/cjs/loader:1197:32)
    at Module._load (node:internal/modules/cjs/loader:1013:12)
    at Function.executeUserEntryPoint [as runMain] (node:internal/modules/run_main:128:12)
    at node:internal/main/run_main_module:28:49

Node.js v18.19.1

[Done] exited with code=1 in 0.125 seconds

[Running] node "/home/sihammohamud/fst/javascript/loops/forof.js"
/home/sihammohamud/fst/javascript/loops/forof.js:4
let town = ("muqdisho", "hargeisa", "kismaayo",)
                                               ^

SyntaxError: Unexpected token ')'
    at internalCompileFunction (node:internal/vm:73:18)
    at wrapSafe (node:internal/modules/cjs/loader:1274:20)
    at Module._compile (node:internal/modules/cjs/loader:1320:27)
    at Module._extensions..js (node:internal/modules/cjs/loader:1414:10)
    at Module.load (node:internal/modules/cjs/loader:1197:32)
    at Module._load (node:internal/modules/cjs/loader:1013:12)
    at Function.executeUserEntryPoint [as runMain] (node:internal/modules/run_main:128:12)
    at node:internal/main/run_main_module:28:49

Node.js v18.19.1

[Done] exited with code=1 in 0.12 seconds

[Running] node "/home/sihammohamud/fst/javascript/loops/forof.js"
/home/sihammohamud/fst/javascript/loops/forof.js:7
        console.log(currentItem);
                    ^

ReferenceError: currentItem is not defined
    at Object.<anonymous> (/home/sihammohamud/fst/javascript/loops/forof.js:7:21)
    at Module._compile (node:internal/modules/cjs/loader:1356:14)
    at Module._extensions..js (node:internal/modules/cjs/loader:1414:10)
    at Module.load (node:internal/modules/cjs/loader:1197:32)
    at Module._load (node:internal/modules/cjs/loader:1013:12)
    at Function.executeUserEntryPoint [as runMain] (node:internal/modules/run_main:128:12)
    at node:internal/main/run_main_module:28:49

Node.js v18.19.1

[Done] exited with code=1 in 0.109 seconds

[Running] node "/home/sihammohamud/fst/javascript/loops/forof.js"
hargeisa

[Done] exited with code=0 in 0.122 seconds

[Running] node "/home/sihammohamud/fst/javascript/loops/forof.js"
hargeisa

[Done] exited with code=0 in 0.126 seconds

[Running] node "/home/sihammohamud/fst/javascript/loops/forof.js"
hargeisa
siham
shukri
mohamud

[Done] exited with code=0 in 0.13 seconds

[Running] node "/home/sihammohamud/fst/javascript/loops/tempCodeRunnerFile.js"

[Done] exited with code=0 in 0.107 seconds

[Running] node "/home/sihammohamud/fst/javascript/loops/forof.js"
siham
shukri
mohamud

[Done] exited with code=0 in 0.124 seconds

[Running] node "/home/sihammohamud/fst/javascript/loops/forof.js"
mohamud

[Done] exited with code=0 in 0.121 seconds

[Running] node "/home/sihammohamud/fst/javascript/loops/forof.js"
siham
shukri

[Done] exited with code=0 in 0.126 seconds

[Running] node "/home/sihammohamud/fst/javascript/loops/tempCodeRunnerFile.js"
/home/sihammohamud/fst/javascript/loops/tempCodeRunnerFile.js:1
}
^

SyntaxError: Unexpected token '}'
    at internalCompileFunction (node:internal/vm:73:18)
    at wrapSafe (node:internal/modules/cjs/loader:1274:20)
    at Module._compile (node:internal/modules/cjs/loader:1320:27)
    at Module._extensions..js (node:internal/modules/cjs/loader:1414:10)
    at Module.load (node:internal/modules/cjs/loader:1197:32)
    at Module._load (node:internal/modules/cjs/loader:1013:12)
    at Function.executeUserEntryPoint [as runMain] (node:internal/modules/run_main:128:12)
    at node:internal/main/run_main_module:28:49

Node.js v18.19.1

[Done] exited with code=1 in 0.478 seconds

[Running] node "/home/sihammohamud/fst/javascript/loops/forin.js"
john
30
new york

[Done] exited with code=0 in 0.14 seconds

[Running] node "/home/sihammohamud/fst/javascript/loops/forin.js"
[ 'name' ]
[ 'age' ]
[ 'city' ]

[Done] exited with code=0 in 0.129 seconds

[Running] node "/home/sihammohamud/fst/javascript/loops/forin.js"
the key isname john
the key isage 30
the key iscity new york

[Done] exited with code=0 in 0.125 seconds

[Running] node "/home/sihammohamud/fst/javascript/loops/forin.js"
the key isname john
the key isage 30
the key iscity new york

[Done] exited with code=0 in 0.122 seconds

[Running] node "/home/sihammohamud/fst/javascript/loops/forin.js"
the key is name john
the key is age 30
the key is city new york

[Done] exited with code=0 in 0.117 seconds

[Running] node "/home/sihammohamud/fst/javascript/loops/forin.js"
the key is nameand the value is john
the key is ageand the value is 30
the key is cityand the value is new york

[Done] exited with code=0 in 0.127 seconds

[Running] node "/home/sihammohamud/fst/javascript/loops/forin.js"
the key is name and the value is john
the key is age and the value is 30
the key is city and the value is new york

[Done] exited with code=0 in 0.114 seconds

