2026-01-26 10:05:54.630 [info] [main] Log level: Info
2026-01-26 10:05:54.630 [info] [main] Validating found git in: "git"
2026-01-26 10:05:54.630 [info] [main] Using git "2.43.0" from "git"
2026-01-26 10:05:54.630 [info] [Model][doInitialScan] Initial repository scan started
2026-01-26 10:05:54.630 [info] > git rev-parse --show-toplevel [159ms]
2026-01-26 10:05:54.630 [info] fatal: not a git repository (or any of the parent directories): .git
2026-01-26 10:05:54.630 [info] > git rev-parse --show-toplevel [4ms]
2026-01-26 10:05:54.630 [info] fatal: not a git repository (or any of the parent directories): .git
2026-01-26 10:05:54.631 [info] > git rev-parse --show-toplevel [25ms]
2026-01-26 10:05:54.631 [info] fatal: not a git repository (or any of the parent directories): .git
2026-01-26 10:05:54.637 [info] > git rev-parse --show-toplevel [3ms]
2026-01-26 10:05:54.637 [info] fatal: not a git repository (or any of the parent directories): .git
2026-01-26 10:05:54.644 [info] > git rev-parse --show-toplevel [2ms]
2026-01-26 10:05:54.644 [info] fatal: not a git repository (or any of the parent directories): .git
2026-01-26 10:05:54.648 [info] > git rev-parse --show-toplevel [2ms]
2026-01-26 10:05:54.648 [info] fatal: not a git repository (or any of the parent directories): .git
2026-01-26 10:05:54.653 [info] > git rev-parse --show-toplevel [2ms]
2026-01-26 10:05:54.653 [info] fatal: not a git repository (or any of the parent directories): .git
2026-01-26 10:05:54.657 [info] > git rev-parse --show-toplevel [1ms]
2026-01-26 10:05:54.658 [info] fatal: not a git repository (or any of the parent directories): .git
2026-01-26 10:05:54.659 [info] [Model][doInitialScan] Initial repository scan completed - repositories (0), closed repositories (0), parent repositories (0), unsafe repositories (0)
2026-01-26 10:05:54.762 [info] > git rev-parse --show-toplevel [2ms]
2026-01-26 10:05:54.762 [info] fatal: not a git repository (or any of the parent directories): .git
2026-01-26 10:05:54.774 [info] > git rev-parse --show-toplevel [3ms]
2026-01-26 10:05:54.774 [info] fatal: not a git repository (or any of the parent directories): .git
2026-01-26 13:39:16.283 [info] > git rev-parse --show-toplevel [15ms]
2026-01-26 13:39:16.284 [info] fatal: not a git repository (or any of the parent directories): .git
