2026-01-05 20:42:39.484 [info] [main] Log level: Info
2026-01-05 20:42:39.484 [info] [main] Validating found git in: "git"
2026-01-05 20:42:39.484 [info] [main] Using git "2.43.0" from "git"
2026-01-05 20:42:39.484 [info] [Model][doInitialScan] Initial repository scan started
2026-01-05 20:42:39.484 [info] > git rev-parse --show-toplevel [5ms]
2026-01-05 20:42:39.484 [info] fatal: not a git repository (or any of the parent directories): .git
2026-01-05 20:42:39.484 [info] > git rev-parse --show-toplevel [11ms]
2026-01-05 20:42:39.484 [info] fatal: not a git repository (or any of the parent directories): .git
2026-01-05 20:42:39.484 [info] > git rev-parse --show-toplevel [4ms]
2026-01-05 20:42:39.484 [info] fatal: not a git repository (or any of the parent directories): .git
2026-01-05 20:42:39.484 [info] [Model][doInitialScan] Initial repository scan completed - repositories (0), closed repositories (0), parent repositories (0), unsafe repositories (0)
2026-01-05 20:42:40.692 [info] > git rev-parse --show-toplevel [1ms]
2026-01-05 20:42:40.692 [info] fatal: not a git repository (or any of the parent directories): .git
2026-01-05 20:45:00.666 [info] > git rev-parse --show-toplevel [12ms]
2026-01-05 20:45:00.666 [info] fatal: not a git repository (or any of the parent directories): .git
2026-01-05 20:46:46.257 [info] > git rev-parse --show-toplevel [2ms]
2026-01-05 20:46:46.257 [info] fatal: not a git repository (or any of the parent directories): .git
2026-01-05 20:48:45.378 [info] > git rev-parse --show-toplevel [1ms]
2026-01-05 20:48:45.378 [info] fatal: not a git repository (or any of the parent directories): .git
2026-01-05 20:48:45.398 [info] > git rev-parse --show-toplevel [1ms]
2026-01-05 20:48:45.398 [info] fatal: not a git repository (or any of the parent directories): .git
2026-01-05 21:24:41.437 [info] > git rev-parse --show-toplevel [3ms]
2026-01-05 21:24:41.437 [info] fatal: not a git repository (or any of the parent directories): .git
