0 verbose cli /usr/bin/node /usr/bin/npm
1 info using npm@9.2.0
2 info using node@v18.19.1
3 timing npm:load:whichnode Completed in 0ms
4 timing config:load:defaults Completed in 1ms
5 timing config:load:file:/usr/share/nodejs/npm/npmrc Completed in 1ms
6 timing config:load:builtin Completed in 2ms
7 timing config:load:cli Completed in 2ms
8 timing config:load:env Completed in 0ms
9 timing config:load:file:/home/sihammohamud/.cache/typescript/5.9/.npmrc Completed in 0ms
10 timing config:load:project Completed in 1ms
11 timing config:load:file:/home/sihammohamud/.npmrc Completed in 0ms
12 timing config:load:user Completed in 0ms
13 timing config:load:file:/etc/npmrc Completed in 0ms
14 timing config:load:global Completed in 1ms
15 timing config:load:setEnvs Completed in 0ms
16 timing config:load Completed in 7ms
17 timing npm:load:configload Completed in 7ms
18 timing npm:load:mkdirpcache Completed in 0ms
19 timing npm:load:mkdirplogs Completed in 1ms
20 verbose title npm install @types/string@ts5.9
21 verbose argv "install" "--ignore-scripts" "@types/string@ts5.9" "--save-dev" "--user-agent" "typesInstaller/5.9.3"
22 timing npm:load:setTitle Completed in 1ms
23 timing config:load:flatten Completed in 3ms
24 timing npm:load:display Completed in 4ms
25 verbose logfile logs-max:10 dir:/home/sihammohamud/.npm/_logs/2026-01-05T18_45_01_376Z-
26 verbose logfile /home/sihammohamud/.npm/_logs/2026-01-05T18_45_01_376Z-debug-0.log
27 timing npm:load:logFile Completed in 5ms
28 timing npm:load:timers Completed in 0ms
29 timing npm:load:configScope Completed in 0ms
30 timing npm:load Completed in 18ms
31 silly logfile done cleaning log files
32 timing config:load:flatten Completed in 0ms
33 timing arborist:ctor Completed in 1ms
34 timing idealTree:init Completed in 12ms
35 timing arborist:ctor Completed in 0ms
36 http fetch GET 200 https://registry.npmjs.org/@types%2fstring 2617ms (cache miss)
37 timing idealTree:userRequests Completed in 2620ms
38 silly idealTree buildDeps
39 silly fetch manifest @types/string@0.0.34
40 silly placeDep ROOT @types/string@0.0.34 OK for:  want: 0.0.34
41 timing idealTree:#root Completed in 4ms
42 timing idealTree:node_modules/@types/string Completed in 0ms
43 timing idealTree:buildDeps Completed in 4ms
44 timing idealTree:fixDepFlags Completed in 1ms
45 timing idealTree Completed in 2638ms
46 timing reify:loadTrees Completed in 2639ms
47 timing reify:diffTrees Completed in 1ms
48 silly reify moves {}
49 timing reify:retireShallow Completed in 1ms
50 timing reify:createSparse Completed in 1ms
51 timing reify:loadBundles Completed in 0ms
52 silly audit bulk request {
52 silly audit   '@types/react': [ '19.2.7' ],
52 silly audit   csstype: [ '3.2.3' ],
52 silly audit   'types-registry': [ '0.1.753' ],
52 silly audit   '@types/string': [ '0.0.34' ]
52 silly audit }
53 silly tarball no local data for @types/string@https://registry.npmjs.org/@types/string/-/string-0.0.34.tgz. Extracting by manifest.
54 http fetch POST 200 https://registry.npmjs.org/-/npm/v1/security/advisories/bulk 371ms
55 timing auditReport:getReport Completed in 373ms
56 silly audit report {}
57 timing auditReport:init Completed in 0ms
58 timing reify:audit Completed in 374ms
59 http fetch GET 200 https://registry.npmjs.org/@types/string/-/string-0.0.34.tgz 879ms (cache miss)
60 timing reifyNode:node_modules/@types/string Completed in 885ms
61 timing reify:unpack Completed in 885ms
62 timing reify:unretire Completed in 0ms
63 timing build:queue Completed in 0ms
64 timing build:deps Completed in 1ms
65 timing build Completed in 1ms
66 timing reify:build Completed in 1ms
67 timing reify:trash Completed in 0ms
68 timing reify:save Completed in 6ms
69 timing reify Completed in 3539ms
70 silly ADD node_modules/@types/string
71 timing command:install Completed in 3543ms
72 verbose exit 0
73 timing npm Completed in 3575ms
74 info ok
