0 verbose cli /usr/bin/node /usr/bin/npm
1 info using npm@9.2.0
2 info using node@v18.19.1
3 timing npm:load:whichnode Completed in 1ms
4 timing config:load:defaults Completed in 3ms
5 timing config:load:file:/usr/share/nodejs/npm/npmrc Completed in 4ms
6 timing config:load:builtin Completed in 4ms
7 timing config:load:cli Completed in 4ms
8 timing config:load:env Completed in 0ms
9 timing config:load:file:/home/sihammohamud/.cache/typescript/5.9/.npmrc Completed in 0ms
10 timing config:load:project Completed in 2ms
11 timing config:load:file:/home/sihammohamud/.npmrc Completed in 0ms
12 timing config:load:user Completed in 0ms
13 timing config:load:file:/etc/npmrc Completed in 0ms
14 timing config:load:global Completed in 1ms
15 timing config:load:setEnvs Completed in 0ms
16 timing config:load Completed in 16ms
17 timing npm:load:configload Completed in 16ms
18 timing npm:load:mkdirpcache Completed in 0ms
19 timing npm:load:mkdirplogs Completed in 0ms
20 verbose title npm install types-registry@latest
21 verbose argv "install" "--ignore-scripts" "types-registry@latest"
22 timing npm:load:setTitle Completed in 2ms
23 timing config:load:flatten Completed in 3ms
24 timing npm:load:display Completed in 4ms
25 verbose logfile logs-max:10 dir:/home/sihammohamud/.npm/_logs/2026-01-06T07_25_45_912Z-
26 verbose logfile /home/sihammohamud/.npm/_logs/2026-01-06T07_25_45_912Z-debug-0.log
27 timing npm:load:logFile Completed in 11ms
28 timing npm:load:timers Completed in 0ms
29 timing npm:load:configScope Completed in 0ms
30 timing npm:load Completed in 35ms
31 silly logfile done cleaning log files
32 timing config:load:flatten Completed in 1ms
33 timing arborist:ctor Completed in 1ms
34 timing idealTree:init Completed in 24ms
35 timing arborist:ctor Completed in 0ms
36 http fetch GET 200 https://registry.npmjs.org/types-registry 553ms (cache revalidated)
37 timing idealTree:userRequests Completed in 566ms
38 silly idealTree buildDeps
39 silly fetch manifest types-registry@0.1.753
40 silly placeDep ROOT types-registry@0.1.753 REPLACE for:  want: 0.1.753
41 timing idealTree:#root Completed in 7ms
42 timing idealTree:node_modules/types-registry Completed in 0ms
43 timing idealTree:buildDeps Completed in 8ms
44 timing idealTree:fixDepFlags Completed in 1ms
45 timing idealTree Completed in 600ms
46 timing reify:loadTrees Completed in 601ms
47 timing reify:diffTrees Completed in 2ms
48 silly reify moves {}
49 timing reify:retireShallow Completed in 1ms
50 timing reify:createSparse Completed in 0ms
51 timing reify:loadBundles Completed in 0ms
52 silly audit bulk request {
52 silly audit   '@types/react': [ '19.2.7' ],
52 silly audit   '@types/string': [ '0.0.34' ],
52 silly audit   csstype: [ '3.2.3' ],
52 silly audit   'types-registry': [ '0.1.753' ]
52 silly audit }
53 timing reify:unpack Completed in 0ms
54 timing reify:unretire Completed in 0ms
55 timing build:queue Completed in 0ms
56 timing build:deps Completed in 0ms
57 timing build Completed in 0ms
58 timing reify:build Completed in 0ms
59 timing reify:trash Completed in 0ms
60 timing reify:save Completed in 7ms
61 http fetch POST 200 https://registry.npmjs.org/-/npm/v1/security/advisories/bulk 444ms
62 timing auditReport:getReport Completed in 446ms
63 silly audit report {}
64 timing auditReport:init Completed in 0ms
65 timing reify:audit Completed in 446ms
66 timing reify Completed in 1055ms
67 timing command:install Completed in 1060ms
68 verbose exit 0
69 timing npm Completed in 1122ms
70 info ok
