0 verbose cli /usr/bin/node /usr/bin/npm
1 info using npm@9.2.0
2 info using node@v18.19.1
3 timing npm:load:whichnode Completed in 0ms
4 timing config:load:defaults Completed in 2ms
5 timing config:load:file:/usr/share/nodejs/npm/npmrc Completed in 4ms
6 timing config:load:builtin Completed in 4ms
7 timing config:load:cli Completed in 3ms
8 timing config:load:env Completed in 1ms
9 timing config:load:file:/home/sihammohamud/.cache/typescript/5.9/.npmrc Completed in 0ms
10 timing config:load:project Completed in 4ms
11 timing config:load:file:/home/sihammohamud/.npmrc Completed in 0ms
12 timing config:load:user Completed in 0ms
13 timing config:load:file:/etc/npmrc Completed in 1ms
14 timing config:load:global Completed in 1ms
15 timing config:load:setEnvs Completed in 1ms
16 timing config:load Completed in 16ms
17 timing npm:load:configload Completed in 16ms
18 timing npm:load:mkdirpcache Completed in 1ms
19 timing npm:load:mkdirplogs Completed in 1ms
20 verbose title npm install @types/react@ts5.9
21 verbose argv "install" "--ignore-scripts" "@types/react@ts5.9" "--save-dev" "--user-agent" "typesInstaller/5.9.3"
22 timing npm:load:setTitle Completed in 1ms
23 timing config:load:flatten Completed in 4ms
24 timing npm:load:display Completed in 6ms
25 verbose logfile logs-max:10 dir:/home/sihammohamud/.npm/_logs/2026-01-03T12_28_46_472Z-
26 verbose logfile /home/sihammohamud/.npm/_logs/2026-01-03T12_28_46_472Z-debug-0.log
27 timing npm:load:logFile Completed in 11ms
28 timing npm:load:timers Completed in 0ms
29 timing npm:load:configScope Completed in 0ms
30 timing npm:load Completed in 36ms
31 silly logfile done cleaning log files
32 timing config:load:flatten Completed in 1ms
33 timing arborist:ctor Completed in 1ms
34 timing idealTree:init Completed in 19ms
35 timing arborist:ctor Completed in 0ms
36 http fetch GET 200 https://registry.npmjs.org/@types%2freact 875ms (cache miss)
37 timing idealTree:userRequests Completed in 895ms
38 silly idealTree buildDeps
39 silly fetch manifest @types/react@19.2.7
40 silly placeDep ROOT @types/react@19.2.7 OK for:  want: 19.2.7
41 silly fetch manifest csstype@^3.2.2
42 http fetch GET 200 https://registry.npmjs.org/csstype 139ms (cache miss)
43 timing idealTree:#root Completed in 152ms
44 silly placeDep ROOT csstype@3.2.3 OK for: @types/react@19.2.7 want: ^3.2.2
45 timing idealTree:node_modules/@types/react Completed in 5ms
46 timing idealTree:node_modules/csstype Completed in 0ms
47 timing idealTree:buildDeps Completed in 160ms
48 timing idealTree:fixDepFlags Completed in 0ms
49 timing idealTree Completed in 1076ms
50 timing reify:loadTrees Completed in 1077ms
51 timing reify:diffTrees Completed in 2ms
52 silly reify moves {}
53 timing reify:retireShallow Completed in 1ms
54 timing reify:createSparse Completed in 2ms
55 timing reify:loadBundles Completed in 0ms
56 silly audit bulk request {
56 silly audit   'types-registry': [ '0.1.752' ],
56 silly audit   '@types/react': [ '19.2.7' ],
56 silly audit   csstype: [ '3.2.3' ]
56 silly audit }
57 silly tarball no local data for csstype@https://registry.npmjs.org/csstype/-/csstype-3.2.3.tgz. Extracting by manifest.
58 silly tarball no local data for @types/react@https://registry.npmjs.org/@types/react/-/react-19.2.7.tgz. Extracting by manifest.
59 http fetch POST 200 https://registry.npmjs.org/-/npm/v1/security/advisories/bulk 547ms
60 timing auditReport:getReport Completed in 550ms
61 silly audit report {}
62 timing auditReport:init Completed in 0ms
63 timing reify:audit Completed in 552ms
64 http fetch GET 200 https://registry.npmjs.org/@types/react/-/react-19.2.7.tgz 583ms (cache miss)
65 timing reifyNode:node_modules/@types/react Completed in 596ms
66 http fetch GET 200 https://registry.npmjs.org/csstype/-/csstype-3.2.3.tgz 598ms (cache miss)
67 timing reifyNode:node_modules/csstype Completed in 609ms
68 timing reify:unpack Completed in 609ms
69 timing reify:unretire Completed in 0ms
70 timing build:queue Completed in 1ms
71 timing build:deps Completed in 1ms
72 timing build Completed in 1ms
73 timing reify:build Completed in 1ms
74 timing reify:trash Completed in 0ms
75 timing reify:save Completed in 10ms
76 timing reify Completed in 1715ms
77 silly ADD node_modules/csstype
78 silly ADD node_modules/@types/react
79 timing command:install Completed in 1722ms
80 verbose exit 0
81 timing npm Completed in 1779ms
82 info ok
