0 verbose cli /usr/bin/node /usr/bin/npm
1 info using npm@9.2.0
2 info using node@v18.19.1
3 timing npm:load:whichnode Completed in 1ms
4 timing config:load:defaults Completed in 1ms
5 timing config:load:file:/usr/share/nodejs/npm/npmrc Completed in 3ms
6 timing config:load:builtin Completed in 3ms
7 timing config:load:cli Completed in 1ms
8 timing config:load:env Completed in 0ms
9 timing config:load:file:/home/sihammohamud/.cache/typescript/5.9/.npmrc Completed in 0ms
10 timing config:load:project Completed in 3ms
11 timing config:load:file:/home/sihammohamud/.npmrc Completed in 0ms
12 timing config:load:user Completed in 0ms
13 timing config:load:file:/etc/npmrc Completed in 0ms
14 timing config:load:global Completed in 0ms
15 timing config:load:setEnvs Completed in 0ms
16 timing config:load Completed in 9ms
17 timing npm:load:configload Completed in 9ms
18 timing npm:load:mkdirpcache Completed in 1ms
19 timing npm:load:mkdirplogs Completed in 0ms
20 verbose title npm install types-registry@latest
21 verbose argv "install" "--ignore-scripts" "types-registry@latest"
22 timing npm:load:setTitle Completed in 1ms
23 timing config:load:flatten Completed in 2ms
24 timing npm:load:display Completed in 3ms
25 verbose logfile logs-max:10 dir:/home/sihammohamud/.npm/_logs/2026-01-05T18_42_40_885Z-
26 verbose logfile /home/sihammohamud/.npm/_logs/2026-01-05T18_42_40_885Z-debug-0.log
27 timing npm:load:logFile Completed in 7ms
28 timing npm:load:timers Completed in 0ms
29 timing npm:load:configScope Completed in 0ms
30 timing npm:load Completed in 22ms
31 silly logfile done cleaning log files
32 timing config:load:flatten Completed in 0ms
33 timing arborist:ctor Completed in 1ms
34 timing idealTree:init Completed in 16ms
35 timing arborist:ctor Completed in 0ms
36 http fetch GET 200 https://registry.npmjs.org/types-registry 655ms (cache updated)
37 timing idealTree:userRequests Completed in 663ms
38 silly idealTree buildDeps
39 silly fetch manifest types-registry@0.1.753
40 silly placeDep ROOT types-registry@0.1.753 REPLACE for:  want: 0.1.753
41 timing idealTree:#root Completed in 5ms
42 timing idealTree:node_modules/types-registry Completed in 0ms
43 timing idealTree:buildDeps Completed in 5ms
44 timing idealTree:fixDepFlags Completed in 0ms
45 timing idealTree Completed in 684ms
46 timing reify:loadTrees Completed in 685ms
47 timing reify:diffTrees Completed in 1ms
48 silly reify mark retired [
48 silly reify   '/home/sihammohamud/.cache/typescript/5.9/node_modules/types-registry'
48 silly reify ]
49 silly reify moves {
49 silly reify   '/home/sihammohamud/.cache/typescript/5.9/node_modules/types-registry': '/home/sihammohamud/.cache/typescript/5.9/node_modules/.types-registry-dsMyTFor'
49 silly reify }
50 timing reify:retireShallow Completed in 2ms
51 timing reify:createSparse Completed in 1ms
52 timing reify:loadBundles Completed in 0ms
53 silly audit bulk request {
53 silly audit   '@types/react': [ '19.2.7' ],
53 silly audit   csstype: [ '3.2.3' ],
53 silly audit   'types-registry': [ '0.1.753' ]
53 silly audit }
54 silly tarball no local data for types-registry@https://registry.npmjs.org/types-registry/-/types-registry-0.1.753.tgz. Extracting by manifest.
55 http fetch POST 200 https://registry.npmjs.org/-/npm/v1/security/advisories/bulk 283ms
56 timing auditReport:getReport Completed in 285ms
57 silly audit report {}
58 timing auditReport:init Completed in 0ms
59 timing reify:audit Completed in 285ms
60 http fetch GET 200 https://registry.npmjs.org/types-registry/-/types-registry-0.1.753.tgz 367ms (cache miss)
61 timing reifyNode:node_modules/types-registry Completed in 373ms
62 timing reify:unpack Completed in 373ms
63 timing reify:unretire Completed in 0ms
64 timing build:queue Completed in 0ms
65 timing build:deps Completed in 0ms
66 timing build Completed in 0ms
67 timing reify:build Completed in 1ms
68 timing reify:trash Completed in 1ms
69 timing reify:save Completed in 7ms
70 timing reify Completed in 1075ms
71 silly CHANGE node_modules/types-registry
72 timing command:install Completed in 1079ms
73 verbose exit 0
74 timing npm Completed in 1118ms
75 info ok
