2026-01-26 13:45:14.731 [info] [main] Log level: Info
2026-01-26 13:45:14.731 [info] [main] Validating found git in: "git"
2026-01-26 13:45:14.731 [info] [main] Using git "2.43.0" from "git"
2026-01-26 13:45:14.731 [info] [Model][doInitialScan] Initial repository scan started
2026-01-26 13:45:14.731 [info] > git rev-parse --show-toplevel [2ms]
2026-01-26 13:45:14.731 [info] fatal: not a git repository (or any of the parent directories): .git
2026-01-26 13:45:14.731 [info] > git rev-parse --show-toplevel [3ms]
2026-01-26 13:45:14.731 [info] fatal: not a git repository (or any of the parent directories): .git
2026-01-26 13:45:14.731 [info] > git rev-parse --show-toplevel [2ms]
2026-01-26 13:45:14.731 [info] fatal: not a git repository (or any of the parent directories): .git
2026-01-26 13:45:14.731 [info] > git rev-parse --show-toplevel [1ms]
2026-01-26 13:45:14.731 [info] fatal: not a git repository (or any of the parent directories): .git
2026-01-26 13:45:14.731 [info] > git rev-parse --show-toplevel [1ms]
2026-01-26 13:45:14.731 [info] fatal: not a git repository (or any of the parent directories): .git
2026-01-26 13:45:14.731 [info] > git rev-parse --show-toplevel [1ms]
2026-01-26 13:45:14.731 [info] fatal: not a git repository (or any of the parent directories): .git
2026-01-26 13:45:14.800 [info] > git rev-parse --show-toplevel [67ms]
2026-01-26 13:45:14.800 [info] fatal: not a git repository (or any of the parent directories): .git
2026-01-26 13:45:14.803 [info] > git rev-parse --show-toplevel [1ms]
2026-01-26 13:45:14.803 [info] fatal: not a git repository (or any of the parent directories): .git
2026-01-26 13:45:14.805 [info] [Model][doInitialScan] Initial repository scan completed - repositories (0), closed repositories (0), parent repositories (0), unsafe repositories (0)
2026-01-26 13:45:14.849 [info] > git rev-parse --show-toplevel [2ms]
2026-01-26 13:45:14.850 [info] fatal: not a git repository (or any of the parent directories): .git
2026-01-26 13:45:14.857 [info] > git rev-parse --show-toplevel [1ms]
2026-01-26 13:45:14.857 [info] fatal: not a git repository (or any of the parent directories): .git
2026-01-26 13:47:03.549 [info] > git rev-parse --show-toplevel [1ms]
2026-01-26 13:47:03.549 [info] fatal: not a git repository (or any of the parent directories): .git
