2026-01-25 13:16:05.891 [info] [main] Log level: Info
2026-01-25 13:16:05.891 [info] [main] Validating found git in: "git"
2026-01-25 13:16:05.891 [info] [main] Using git "2.43.0" from "git"
2026-01-25 13:16:05.891 [info] [Model][doInitialScan] Initial repository scan started
2026-01-25 13:16:05.891 [info] > git rev-parse --show-toplevel [6ms]
2026-01-25 13:16:05.891 [info] fatal: not a git repository (or any of the parent directories): .git
2026-01-25 13:16:05.891 [info] > git rev-parse --show-toplevel [4ms]
2026-01-25 13:16:05.891 [info] fatal: not a git repository (or any of the parent directories): .git
2026-01-25 13:16:05.891 [info] > git rev-parse --show-toplevel [1ms]
2026-01-25 13:16:05.891 [info] fatal: not a git repository (or any of the parent directories): .git
2026-01-25 13:16:05.891 [info] > git rev-parse --show-toplevel [2ms]
2026-01-25 13:16:05.891 [info] fatal: not a git repository (or any of the parent directories): .git
2026-01-25 13:16:05.891 [info] > git rev-parse --show-toplevel [1ms]
2026-01-25 13:16:05.891 [info] fatal: not a git repository (or any of the parent directories): .git
2026-01-25 13:16:05.918 [info] > git rev-parse --show-toplevel [159ms]
2026-01-25 13:16:05.918 [info] fatal: not a git repository (or any of the parent directories): .git
2026-01-25 13:16:05.925 [info] > git rev-parse --show-toplevel [3ms]
2026-01-25 13:16:05.925 [info] fatal: not a git repository (or any of the parent directories): .git
2026-01-25 13:16:05.928 [info] [Model][doInitialScan] Initial repository scan completed - repositories (0), closed repositories (0), parent repositories (0), unsafe repositories (0)
2026-01-25 13:16:47.357 [info] > git rev-parse --show-toplevel [3ms]
2026-01-25 13:16:47.357 [info] fatal: not a git repository (or any of the parent directories): .git
2026-01-25 13:20:40.441 [info] > git rev-parse --show-toplevel [2ms]
2026-01-25 13:20:40.441 [info] fatal: not a git repository (or any of the parent directories): .git
2026-01-25 13:20:40.461 [info] > git rev-parse --show-toplevel [1ms]
2026-01-25 13:20:40.461 [info] fatal: not a git repository (or any of the parent directories): .git
