2026-01-26 10:05:53.855 [info] Extension host with pid 12331 started
2026-01-26 10:05:53.855 [error] Error: EEXIST: file already exists, open '/home/sihammohamud/.vscode-server/data/User/workspaceStorage/62bd72f40aefad7cd88817b96d8a7840/vscode.lock'
2026-01-26 10:05:53.855 [info] Lock '/home/sihammohamud/.vscode-server/data/User/workspaceStorage/62bd72f40aefad7cd88817b96d8a7840/vscode.lock': Could not acquire lock, checking if the file is stale.
2026-01-26 10:05:53.856 [info] Lock '/home/sihammohamud/.vscode-server/data/User/workspaceStorage/62bd72f40aefad7cd88817b96d8a7840/vscode.lock': The pid 669 appears to be gone.
2026-01-26 10:05:53.856 [info] Lock '/home/sihammohamud/.vscode-server/data/User/workspaceStorage/62bd72f40aefad7cd88817b96d8a7840/vscode.lock': Deleting a stale lock.
2026-01-26 10:05:53.892 [info] Lock '/home/sihammohamud/.vscode-server/data/User/workspaceStorage/62bd72f40aefad7cd88817b96d8a7840/vscode.lock': Lock acquired.
2026-01-26 10:05:53.947 [info] ExtensionService#_doActivateExtension vscode.emmet, startup: false, activationEvent: 'onLanguage'
2026-01-26 10:05:53.948 [info] ExtensionService#_doActivateExtension vscode.typescript-language-features, startup: false, activationEvent: 'onLanguage:javascript'
2026-01-26 10:05:54.199 [info] ExtensionService#_doActivateExtension vscode.git-base, startup: true, activationEvent: '*', root cause: vscode.git
2026-01-26 10:05:54.230 [info] ExtensionService#_doActivateExtension vscode.git, startup: true, activationEvent: '*'
2026-01-26 10:05:54.230 [info] ExtensionService#_doActivateExtension vscode.github, startup: true, activationEvent: '*'
2026-01-26 10:05:54.465 [info] Eager extensions activated
2026-01-26 10:05:54.465 [info] ExtensionService#_doActivateExtension vscode.debug-auto-launch, startup: false, activationEvent: 'onStartupFinished'
2026-01-26 10:05:54.465 [info] ExtensionService#_doActivateExtension vscode.merge-conflict, startup: false, activationEvent: 'onStartupFinished'
2026-01-26 10:05:54.466 [info] ExtensionService#_doActivateExtension formulahendry.code-runner, startup: false, activationEvent: 'onStartupFinished'
2026-01-26 10:05:54.466 [info] ExtensionService#_doActivateExtension ritwickdey.LiveServer, startup: false, activationEvent: 'onStartupFinished'
2026-01-26 13:39:16.147 [info] ExtensionService#_doActivateExtension vscode.html-language-features, startup: false, activationEvent: 'onLanguage:html'
2026-01-26 13:40:05.619 [info] ExtensionService#_doActivateExtension vscode.tunnel-forwarding, startup: false, activationEvent: 'onTunnel'
2026-01-26 13:44:27.811 [info] Extension host terminating: received terminate message from renderer
2026-01-26 13:44:27.814 [info] Lock '/home/sihammohamud/.vscode-server/data/User/workspaceStorage/62bd72f40aefad7cd88817b96d8a7840/vscode.lock': Marking the lockfile as scheduled to be released in 6000 ms.
2026-01-26 13:44:27.875 [info] Extension host with pid 12331 exiting with code 0
