2026-01-27 11:59:37.837 [info] [main] Log level: Info
2026-01-27 11:59:37.837 [info] [main] Validating found git in: "git"
2026-01-27 11:59:37.837 [info] [main] Using git "2.43.0" from "git"
2026-01-27 11:59:37.837 [info] [Model][doInitialScan] Initial repository scan started
2026-01-27 11:59:37.837 [info] > git rev-parse --show-toplevel [2ms]
2026-01-27 11:59:37.837 [info] fatal: not a git repository (or any of the parent directories): .git
2026-01-27 11:59:37.837 [info] > git rev-parse --show-toplevel [4ms]
2026-01-27 11:59:37.837 [info] fatal: not a git repository (or any of the parent directories): .git
2026-01-27 11:59:37.838 [info] > git rev-parse --show-toplevel [65ms]
2026-01-27 11:59:37.838 [info] fatal: not a git repository (or any of the parent directories): .git
2026-01-27 11:59:37.843 [info] > git rev-parse --show-toplevel [1ms]
2026-01-27 11:59:37.843 [info] fatal: not a git repository (or any of the parent directories): .git
2026-01-27 11:59:37.869 [info] > git rev-parse --show-toplevel [23ms]
2026-01-27 11:59:37.869 [info] fatal: not a git repository (or any of the parent directories): .git
2026-01-27 11:59:37.874 [info] > git rev-parse --show-toplevel [1ms]
2026-01-27 11:59:37.874 [info] fatal: not a git repository (or any of the parent directories): .git
2026-01-27 11:59:37.879 [info] > git rev-parse --show-toplevel [1ms]
2026-01-27 11:59:37.879 [info] fatal: not a git repository (or any of the parent directories): .git
2026-01-27 11:59:37.883 [info] > git rev-parse --show-toplevel [1ms]
2026-01-27 11:59:37.883 [info] fatal: not a git repository (or any of the parent directories): .git
2026-01-27 11:59:37.886 [info] [Model][doInitialScan] Initial repository scan completed - repositories (0), closed repositories (0), parent repositories (0), unsafe repositories (0)
