2026-01-03 14:28:37.373 [info] [main] Log level: Info
2026-01-03 14:28:37.373 [info] [main] Validating found git in: "git"
2026-01-03 14:28:37.373 [info] [main] Using git "2.43.0" from "git"
2026-01-03 14:28:37.373 [info] [Model][doInitialScan] Initial repository scan started
2026-01-03 14:28:37.373 [info] > git rev-parse --show-toplevel [10ms]
2026-01-03 14:28:37.373 [info] fatal: not a git repository (or any of the parent directories): .git
2026-01-03 14:28:37.373 [info] > git rev-parse --show-toplevel [6ms]
2026-01-03 14:28:37.373 [info] fatal: not a git repository (or any of the parent directories): .git
2026-01-03 14:28:37.373 [info] [Model][doInitialScan] Initial repository scan completed - repositories (0), closed repositories (0), parent repositories (0), unsafe repositories (0)
2026-01-03 14:28:42.418 [info] > git rev-parse --show-toplevel [96ms]
2026-01-03 14:28:42.418 [info] fatal: not a git repository (or any of the parent directories): .git
2026-01-03 14:29:02.181 [info] > git rev-parse --show-toplevel [5ms]
2026-01-03 14:29:02.181 [info] fatal: not a git repository (or any of the parent directories): .git
2026-01-03 14:29:15.031 [info] > git rev-parse --show-toplevel [3ms]
2026-01-03 14:29:15.032 [info] fatal: not a git repository (or any of the parent directories): .git
2026-01-03 14:29:18.444 [info] > git rev-parse --show-toplevel [1ms]
2026-01-03 14:29:18.444 [info] fatal: not a git repository (or any of the parent directories): .git
2026-01-03 14:53:23.722 [info] > git rev-parse --show-toplevel [23ms]
2026-01-03 14:53:23.722 [info] fatal: not a git repository (or any of the parent directories): .git
2026-01-03 14:53:28.202 [info] > git rev-parse --show-toplevel [2ms]
2026-01-03 14:53:28.202 [info] fatal: not a git repository (or any of the parent directories): .git
2026-01-03 14:53:30.364 [info] > git rev-parse --show-toplevel [3ms]
2026-01-03 14:53:30.365 [info] fatal: not a git repository (or any of the parent directories): .git
2026-01-03 14:53:42.401 [info] > git rev-parse --show-toplevel [2ms]
2026-01-03 14:53:42.401 [info] fatal: not a git repository (or any of the parent directories): .git
2026-01-03 14:54:20.653 [info] > git rev-parse --show-toplevel [2ms]
2026-01-03 14:54:20.653 [info] fatal: not a git repository (or any of the parent directories): .git
2026-01-03 14:54:25.767 [info] > git rev-parse --show-toplevel [3ms]
2026-01-03 14:54:25.768 [info] fatal: not a git repository (or any of the parent directories): .git
2026-01-03 14:54:47.368 [info] > git rev-parse --show-toplevel [2ms]
2026-01-03 14:54:47.368 [info] fatal: not a git repository (or any of the parent directories): .git
