2026-01-11 12:21:35.450 [info] [main] Log level: Info
2026-01-11 12:21:35.450 [info] [main] Validating found git in: "git"
2026-01-11 12:21:35.450 [info] [main] Using git "2.43.0" from "git"
2026-01-11 12:21:35.450 [info] [Model][doInitialScan] Initial repository scan started
2026-01-11 12:21:35.450 [info] > git rev-parse --show-toplevel [2ms]
2026-01-11 12:21:35.450 [info] fatal: not a git repository (or any of the parent directories): .git
2026-01-11 12:21:35.450 [info] [Model][doInitialScan] Initial repository scan completed - repositories (0), closed repositories (0), parent repositories (0), unsafe repositories (0)
2026-01-11 12:21:58.764 [info] > git rev-parse --show-toplevel [1ms]
2026-01-11 12:21:58.764 [info] fatal: not a git repository (or any of the parent directories): .git
2026-01-11 12:22:18.906 [info] > git rev-parse --show-toplevel [2ms]
2026-01-11 12:22:18.906 [info] fatal: not a git repository (or any of the parent directories): .git
2026-01-11 12:27:04.799 [info] > git rev-parse --show-toplevel [15ms]
2026-01-11 12:27:04.800 [info] fatal: not a git repository (or any of the parent directories): .git
2026-01-11 13:13:37.581 [info] > git rev-parse --show-toplevel [11ms]
2026-01-11 13:13:37.582 [info] fatal: not a git repository (or any of the parent directories): .git
2026-01-11 13:20:43.337 [info] > git rev-parse --show-toplevel [1ms]
2026-01-11 13:20:43.337 [info] fatal: not a git repository (or any of the parent directories): .git
2026-01-12 11:06:41.765 [info] > git rev-parse --show-toplevel [24ms]
2026-01-12 11:06:41.765 [info] fatal: not a git repository (or any of the parent directories): .git
2026-01-12 11:06:59.756 [info] > git rev-parse --show-toplevel [2ms]
2026-01-12 11:06:59.756 [info] fatal: not a git repository (or any of the parent directories): .git
2026-01-12 11:07:01.640 [info] > git rev-parse --show-toplevel [2ms]
2026-01-12 11:07:01.640 [info] fatal: not a git repository (or any of the parent directories): .git
2026-01-12 11:17:17.821 [info] > git rev-parse --show-toplevel [17ms]
2026-01-12 11:17:17.822 [info] fatal: not a git repository (or any of the parent directories): .git
2026-01-14 10:58:10.256 [info] > git rev-parse --show-toplevel [3ms]
2026-01-14 10:58:10.256 [info] fatal: not a git repository (or any of the parent directories): .git
2026-01-14 11:09:22.790 [info] > git rev-parse --show-toplevel [2ms]
2026-01-14 11:09:22.792 [info] fatal: not a git repository (or any of the parent directories): .git
